
2024-09-20 05:15:49 - 200 - {"status":0,"message":"","data":{"tel_id":"6923431547","id":20934293,"fn":".","ln":"","access_token":"eyJhbGciOiJIUzI1NiIsInR5cCI6IkpXVCJ9.eyJ0b2tlblVzZXIiOnsidGVsX2lkIjoiNjkyMzQzMTU0NyIsImlkIjoyMDkzNDI5MywiZm4iOiIuIiwibG4iOiIifSwiaWF0IjoxNzI2Nzg0MTUxLCJleHAiOjE3MjkzNzYxNTF9.NVbIpCwUVMTTcU9G6MkwV1zmH2_9i03e4R9vnZV164s","photo_url":"","is_kol":0}}
2024-09-20 05:15:50 - 200 - {"status":0,"message":"","data":{"available_balance":51847.2,"play_passes":6,"timestamp":1726784151,"farming":{"game_id":"53b22103-c7ff-413d-bc63-20f6fb806a07","round_id":"f19b0ea5-6e61-4181-94d8-1568af1945c7","user_id":20934293,"start_at":1726782188,"end_at":1726792988,"last_claim":1726782188,"points":0},"daily":{"round_id":"07c4e0d4-428e-4a3c-a3ed-3ec8fa7d689a","user_id":20934293,"start_at":1726753318,"last_check_ts":1726753318,"last_check_ymd":20240919,"next_check_ts":1726761600,"check_counter":1,"today_points":200,"today_game":1}}}
2024-09-20 05:15:50 - 200 - {"status":400,"message":"already_check","data":{"round_id":"07c4e0d4-428e-4a3c-a3ed-3ec8fa7d689a","user_id":20934293,"start_at":1726753318,"last_check_ts":1726753318,"last_check_ymd":20240919,"next_check_ts":1726761600,"check_counter":1,"today_points":200,"today_game":1}}
2024-09-20 05:15:50 - 200 - {"status":0,"message":"","data":{"round_id":"8915b1bc-87d8-448d-95b9-3c886ecfa908","user_id":20934293,"start_at":1726784151,"end_at":1726784181}}
2024-09-20 05:16:20 - 200 - {"status":0,"message":"","data":{"round_id":"8915b1bc-87d8-448d-95b9-3c886ecfa908","user_id":20934293,"start_at":1726784151,"end_at":1726784181,"points":497}}
2024-09-20 05:16:20 - 200 - {"status":0,"message":"","data":{"round_id":"a7b483a7-0a35-4f7d-8668-5dfc5228ff96","user_id":20934293,"start_at":1726784182,"end_at":1726784212}}
2024-09-20 05:16:51 - 200 - {"status":0,"message":"","data":{"round_id":"a7b483a7-0a35-4f7d-8668-5dfc5228ff96","user_id":20934293,"start_at":1726784182,"end_at":1726784212,"points":496}}
2024-09-20 05:16:51 - 200 - {"status":0,"message":"","data":{"round_id":"efbfb62f-d5ac-442b-b149-1fa3fdc9192f","user_id":20934293,"start_at":1726784212,"end_at":1726784242}}
2024-09-20 05:17:21 - 200 - {"status":0,"message":"","data":{"round_id":"efbfb62f-d5ac-442b-b149-1fa3fdc9192f","user_id":20934293,"start_at":1726784212,"end_at":1726784242,"points":491}}
2024-09-20 05:17:21 - 200 - {"status":0,"message":"","data":{"round_id":"1feb4ad9-066e-4a15-869e-d6a8ea3b5028","user_id":20934293,"start_at":1726784242,"end_at":1726784272}}
2024-09-20 05:17:51 - 200 - {"status":0,"message":"","data":{"round_id":"1feb4ad9-066e-4a15-869e-d6a8ea3b5028","user_id":20934293,"start_at":1726784242,"end_at":1726784272,"points":497}}
2024-09-20 05:17:51 - 200 - {"status":0,"message":"","data":{"round_id":"537e14f5-82b4-4202-8e8f-307c626efe40","user_id":20934293,"start_at":1726784272,"end_at":1726784302}}
2024-09-20 05:18:21 - 200 - {"status":0,"message":"","data":{"round_id":"537e14f5-82b4-4202-8e8f-307c626efe40","user_id":20934293,"start_at":1726784272,"end_at":1726784302,"points":494}}
2024-09-20 05:18:22 - 200 - {"status":0,"message":"","data":{"round_id":"478a2c30-df75-47c7-a176-b452e5073c6c","user_id":20934293,"start_at":1726784303,"end_at":1726784333}}
2024-09-20 05:18:52 - 200 - {"status":0,"message":"","data":{"round_id":"478a2c30-df75-47c7-a176-b452e5073c6c","user_id":20934293,"start_at":1726784303,"end_at":1726784333,"points":500}}
2024-09-20 05:18:52 - 200 - {"status":0,"message":"","data":{"available_balance":"54822.20","play_passes":0,"timestamp":1726784333,"farming":{"game_id":"53b22103-c7ff-413d-bc63-20f6fb806a07","round_id":"f19b0ea5-6e61-4181-94d8-1568af1945c7","user_id":20934293,"start_at":1726782188,"end_at":1726792988,"last_claim":1726782188,"points":0},"daily":{"round_id":"07c4e0d4-428e-4a3c-a3ed-3ec8fa7d689a","user_id":20934293,"start_at":1726753318,"last_check_ts":1726753318,"last_check_ymd":20240919,"next_check_ts":1726761600,"check_counter":1,"today_points":200,"today_game":1}}}
2024-09-20 05:18:52 - 200 - {"status":400,"message":"already_check","data":{"round_id":"07c4e0d4-428e-4a3c-a3ed-3ec8fa7d689a","user_id":20934293,"start_at":1726753318,"last_check_ts":1726753318,"last_check_ymd":20240919,"next_check_ts":1726761600,"check_counter":1,"today_points":200,"today_game":1}}
2024-09-20 16:59:04 - 200 - {"status":0,"message":"","data":{"available_balance":"54822.20","play_passes":5,"timestamp":1726826344,"farming":{"game_id":"53b22103-c7ff-413d-bc63-20f6fb806a07","round_id":"f19b0ea5-6e61-4181-94d8-1568af1945c7","user_id":20934293,"start_at":1726782188,"end_at":1726792988,"last_claim":1726782188,"points":0},"daily":{"round_id":"07c4e0d4-428e-4a3c-a3ed-3ec8fa7d689a","user_id":20934293,"start_at":1726753318,"last_check_ts":1726753318,"last_check_ymd":20240919,"next_check_ts":1726761600,"check_counter":1,"today_points":200,"today_game":1}}}
2024-09-20 16:59:05 - 200 - {"status":0,"message":"","data":{"round_id":"07c4e0d4-428e-4a3c-a3ed-3ec8fa7d689a","user_id":20934293,"start_at":1726753318,"last_check_ts":1726797545,"last_check_ymd":20240920,"next_check_ts":1726848000,"check_counter":2,"today_points":500,"today_game":2,"diff":1}}
2024-09-20 16:59:05 - 504 - <!DOCTYPE html>
<!--[if lt IE 7]> <html class="no-js ie6 oldie" lang="en-US"> <![endif]-->
<!--[if IE 7]>    <html class="no-js ie7 oldie" lang="en-US"> <![endif]-->
<!--[if IE 8]>    <html class="no-js ie8 oldie" lang="en-US"> <![endif]-->
<!--[if gt IE 8]><!--> <html class="no-js" lang="en-US"> <!--<![endif]-->
<head>


<title>api-web.tomarket.ai | 504: Gateway time-out</title>
<meta charset="UTF-8" />
<meta http-equiv="Content-Type" content="text/html; charset=UTF-8" />
<meta http-equiv="X-UA-Compatible" content="IE=Edge" />
<meta name="robots" content="noindex, nofollow" />
<meta name="viewport" content="width=device-width,initial-scale=1" />
<link rel="stylesheet" id="cf_styles-css" href="/cdn-cgi/styles/main.css" />


</head>
<body>
<div id="cf-wrapper">
    <div id="cf-error-details" class="p-0">
        <header class="mx-auto pt-10 lg:pt-6 lg:px-8 w-240 lg:w-full mb-8">
            <h1 class="inline-block sm:block sm:mb-2 font-light text-60 lg:text-4xl text-black-dark leading-tight mr-2">
              <span class="inline-block">Gateway time-out</span>
              <span class="code-label">Error code 504</span>
            </h1>
            <div>
               Visit <a href="https://www.cloudflare.com/5xx-error-landing?utm_source=errorcode_504&utm_campaign=api-web.tomarket.ai" target="_blank" rel="noopener noreferrer">cloudflare.com</a> for more information.
            </div>
            <div class="mt-3">2024-09-20 09:59:07 UTC</div>
        </header>
        <div class="my-8 bg-gradient-gray">
            <div class="w-240 lg:w-full mx-auto">
                <div class="clearfix md:px-8">
                  
<div id="cf-browser-status" class=" relative w-1/3 md:w-full py-15 md:p-0 md:py-8 md:text-left md:border-solid md:border-0 md:border-b md:border-gray-400 overflow-hidden float-left md:float-none text-center">
  <div class="relative mb-10 md:m-0">
    
    <span class="cf-icon-browser block md:hidden h-20 bg-center bg-no-repeat"></span>
    <span class="cf-icon-ok w-12 h-12 absolute left-1/2 md:left-auto md:right-0 md:top-0 -ml-6 -bottom-4"></span>
    
  </div>
  <span class="md:block w-full truncate">You</span>
  <h3 class="md:inline-block mt-3 md:mt-0 text-2xl text-gray-600 font-light leading-1.3">
    
    Browser
    
  </h3>
  <span class="leading-1.3 text-2xl text-green-success">Working</span>
</div>

<div id="cf-cloudflare-status" class=" relative w-1/3 md:w-full py-15 md:p-0 md:py-8 md:text-left md:border-solid md:border-0 md:border-b md:border-gray-400 overflow-hidden float-left md:float-none text-center">
  <div class="relative mb-10 md:m-0">
    <a href="https://www.cloudflare.com/5xx-error-landing?utm_source=errorcode_504&utm_campaign=api-web.tomarket.ai" target="_blank" rel="noopener noreferrer">
    <span class="cf-icon-cloud block md:hidden h-20 bg-center bg-no-repeat"></span>
    <span class="cf-icon-ok w-12 h-12 absolute left-1/2 md:left-auto md:right-0 md:top-0 -ml-6 -bottom-4"></span>
    </a>
  </div>
  <span class="md:block w-full truncate">Singapore</span>
  <h3 class="md:inline-block mt-3 md:mt-0 text-2xl text-gray-600 font-light leading-1.3">
    <a href="https://www.cloudflare.com/5xx-error-landing?utm_source=errorcode_504&utm_campaign=api-web.tomarket.ai" target="_blank" rel="noopener noreferrer">
    Cloudflare
    </a>
  </h3>
  <span class="leading-1.3 text-2xl text-green-success">Working</span>
</div>

<div id="cf-host-status" class="cf-error-source relative w-1/3 md:w-full py-15 md:p-0 md:py-8 md:text-left md:border-solid md:border-0 md:border-b md:border-gray-400 overflow-hidden float-left md:float-none text-center">
  <div class="relative mb-10 md:m-0">
    
    <span class="cf-icon-server block md:hidden h-20 bg-center bg-no-repeat"></span>
    <span class="cf-icon-error w-12 h-12 absolute left-1/2 md:left-auto md:right-0 md:top-0 -ml-6 -bottom-4"></span>
    
  </div>
  <span class="md:block w-full truncate">api-web.tomarket.ai</span>
  <h3 class="md:inline-block mt-3 md:mt-0 text-2xl text-gray-600 font-light leading-1.3">
    
    Host
    
  </h3>
  <span class="leading-1.3 text-2xl text-red-error">Error</span>
</div>

                </div>
            </div>
        </div>

        <div class="w-240 lg:w-full mx-auto mb-8 lg:px-8">
            <div class="clearfix">
                <div class="w-1/2 md:w-full float-left pr-6 md:pb-10 md:pr-0 leading-relaxed">
                    <h2 class="text-3xl font-normal leading-1.3 mb-4">What happened?</h2>
                    <p>The web server reported a gateway time-out error.</p>
                </div>
                <div class="w-1/2 md:w-full float-left leading-relaxed">
                    <h2 class="text-3xl font-normal leading-1.3 mb-4">What can I do?</h2>
                    <p class="mb-6">Please try again in a few minutes.</p>
                </div>
            </div>
        </div>

        <div class="cf-error-footer cf-wrapper w-240 lg:w-full py-10 sm:py-4 sm:px-8 mx-auto text-center sm:text-left border-solid border-0 border-t border-gray-300">
  <p class="text-13">
    <span class="cf-footer-item sm:block sm:mb-1">Cloudflare Ray ID: <strong class="font-semibold">8c60f5f299f83df6</strong></span>
    <span class="cf-footer-separator sm:hidden">&bull;</span>
    <span id="cf-footer-item-ip" class="cf-footer-item hidden sm:block sm:mb-1">
      Your IP:
      <button type="button" id="cf-footer-ip-reveal" class="cf-footer-ip-reveal-btn">Click to reveal</button>
      <span class="hidden" id="cf-footer-ip">110.137.37.148</span>
      <span class="cf-footer-separator sm:hidden">&bull;</span>
    </span>
    <span class="cf-footer-item sm:block sm:mb-1"><span>Performance &amp; security by</span> <a rel="noopener noreferrer" href="https://www.cloudflare.com/5xx-error-landing?utm_source=errorcode_504&utm_campaign=api-web.tomarket.ai" id="brand_link" target="_blank">Cloudflare</a></span>
    
  </p>
  <script>(function(){function d(){var b=a.getElementById("cf-footer-item-ip"),c=a.getElementById("cf-footer-ip-reveal");b&&"classList"in b&&(b.classList.remove("hidden"),c.addEventListener("click",function(){c.classList.add("hidden");a.getElementById("cf-footer-ip").classList.remove("hidden")}))}var a=document;document.addEventListener&&a.addEventListener("DOMContentLoaded",d)})();</script>
</div><!-- /.error-footer -->


    </div>
</div>
</body>
</html>

2024-09-20 16:59:08 - 200 - {"status":0,"message":"","data":{"available_balance":"56402.20","play_passes":7,"timestamp":1726826348,"farming":{"game_id":"53b22103-c7ff-413d-bc63-20f6fb806a07","round_id":"f19b0ea5-6e61-4181-94d8-1568af1945c7","user_id":20934293,"start_at":1726782188,"end_at":1726792988,"last_claim":1726782188,"points":0},"daily":{"round_id":"07c4e0d4-428e-4a3c-a3ed-3ec8fa7d689a","user_id":20934293,"start_at":1726753318,"last_check_ts":1726797545,"last_check_ymd":20240920,"next_check_ts":1726848000,"check_counter":2,"today_points":500,"today_game":2,"diff":1}}}
2024-09-20 16:59:08 - 200 - {"code":400,"status":400,"message":"claim throttle","data":"ok"}
2024-09-20 17:00:42 - 200 - {"status":0,"message":"","data":{"available_balance":56402.2,"play_passes":7,"timestamp":1726826442,"daily":{"round_id":"07c4e0d4-428e-4a3c-a3ed-3ec8fa7d689a","user_id":20934293,"start_at":1726753318,"last_check_ts":1726797545,"last_check_ymd":20240920,"next_check_ts":1726848000,"check_counter":2,"today_points":500,"today_game":2,"diff":1}}}
2024-09-20 17:00:42 - 200 - {"status":0,"message":"","data":{"game_id":"53b22103-c7ff-413d-bc63-20f6fb806a07","round_id":"b5d9a628-ac05-40ab-a325-ce68dfbc12db","user_id":20934293,"start_at":1726826442,"end_at":1726837242,"last_claim":1726826442,"points":0}}
2024-09-20 17:00:43 - 200 - {"status":0,"message":"","data":{"available_balance":56402.2,"play_passes":7,"timestamp":1726826442,"farming":{"game_id":"53b22103-c7ff-413d-bc63-20f6fb806a07","round_id":"b5d9a628-ac05-40ab-a325-ce68dfbc12db","user_id":20934293,"start_at":1726826442,"end_at":1726837242,"last_claim":1726826442,"points":0},"daily":{"round_id":"07c4e0d4-428e-4a3c-a3ed-3ec8fa7d689a","user_id":20934293,"start_at":1726753318,"last_check_ts":1726797545,"last_check_ymd":20240920,"next_check_ts":1726848000,"check_counter":2,"today_points":500,"today_game":2,"diff":1}}}
2024-09-20 17:00:43 - 200 - {"status":0,"message":"","data":{"round_id":"1e287867-f8d5-486b-b158-d6d3965a39ed","user_id":20934293,"start_at":1726826443,"end_at":1726826473}}
2024-09-20 17:01:13 - 200 - {"status":0,"message":"","data":{"round_id":"1e287867-f8d5-486b-b158-d6d3965a39ed","user_id":20934293,"start_at":1726826443,"end_at":1726826473,"points":497}}
2024-09-20 17:01:14 - 200 - {"status":0,"message":"","data":{"round_id":"418736f4-5bce-4fcc-9e53-3a24fc571919","user_id":20934293,"start_at":1726826474,"end_at":1726826504}}
2024-09-20 17:01:44 - 200 - {"status":0,"message":"","data":{"round_id":"418736f4-5bce-4fcc-9e53-3a24fc571919","user_id":20934293,"start_at":1726826474,"end_at":1726826504,"points":493}}
2024-09-20 17:01:44 - 200 - {"status":0,"message":"","data":{"round_id":"d5023d6b-5dbb-426e-a003-19e474ea7e06","user_id":20934293,"start_at":1726826504,"end_at":1726826534}}
2024-09-20 17:02:15 - 200 - {"status":0,"message":"","data":{"round_id":"d5023d6b-5dbb-426e-a003-19e474ea7e06","user_id":20934293,"start_at":1726826504,"end_at":1726826534,"points":496}}
2024-09-20 17:02:15 - 200 - {"status":0,"message":"","data":{"round_id":"32aa2f1d-82f2-41ab-8d76-0a7185dd42da","user_id":20934293,"start_at":1726826535,"end_at":1726826565}}
2024-09-20 17:02:46 - 200 - {"status":0,"message":"","data":{"round_id":"32aa2f1d-82f2-41ab-8d76-0a7185dd42da","user_id":20934293,"start_at":1726826535,"end_at":1726826565,"points":496}}
2024-09-20 17:02:47 - 200 - {"status":0,"message":"","data":{"round_id":"88461de7-a9d5-4dfb-8077-eb4b25797d7d","user_id":20934293,"start_at":1726826566,"end_at":1726826596}}
2024-09-20 17:03:17 - 200 - {"status":0,"message":"","data":{"round_id":"88461de7-a9d5-4dfb-8077-eb4b25797d7d","user_id":20934293,"start_at":1726826566,"end_at":1726826596,"points":494}}
2024-09-20 17:03:17 - 200 - {"status":0,"message":"","data":{"round_id":"4dc53491-d0da-4954-9058-ed3ef07f200c","user_id":20934293,"start_at":1726826597,"end_at":1726826627}}
2024-09-20 17:03:48 - 200 - {"status":0,"message":"","data":{"round_id":"4dc53491-d0da-4954-9058-ed3ef07f200c","user_id":20934293,"start_at":1726826597,"end_at":1726826627,"points":490}}
2024-09-20 17:03:48 - 200 - {"status":0,"message":"","data":{"round_id":"52d701dc-af35-425f-99c2-3ac2425902b0","user_id":20934293,"start_at":1726826628,"end_at":1726826658}}
2024-09-20 17:04:18 - 200 - {"status":0,"message":"","data":{"round_id":"52d701dc-af35-425f-99c2-3ac2425902b0","user_id":20934293,"start_at":1726826628,"end_at":1726826658,"points":495}}
2024-09-20 17:04:19 - 200 - {"status":0,"message":"","data":{"available_balance":"59863.20","play_passes":0,"timestamp":1726826658,"farming":{"game_id":"53b22103-c7ff-413d-bc63-20f6fb806a07","round_id":"b5d9a628-ac05-40ab-a325-ce68dfbc12db","user_id":20934293,"start_at":1726826442,"end_at":1726837242,"last_claim":1726826442,"points":0},"daily":{"round_id":"07c4e0d4-428e-4a3c-a3ed-3ec8fa7d689a","user_id":20934293,"start_at":1726753318,"last_check_ts":1726797545,"last_check_ymd":20240920,"next_check_ts":1726848000,"check_counter":2,"today_points":500,"today_game":2,"diff":1}}}
2024-09-20 19:58:37 - 200 - {"status":0,"message":"","data":{"available_balance":"59863.20","play_passes":0,"timestamp":1726837118,"farming":{"game_id":"53b22103-c7ff-413d-bc63-20f6fb806a07","round_id":"b5d9a628-ac05-40ab-a325-ce68dfbc12db","user_id":20934293,"start_at":1726826442,"end_at":1726837242,"last_claim":1726826442,"points":0},"daily":{"round_id":"07c4e0d4-428e-4a3c-a3ed-3ec8fa7d689a","user_id":20934293,"start_at":1726753318,"last_check_ts":1726797545,"last_check_ymd":20240920,"next_check_ts":1726848000,"check_counter":2,"today_points":500,"today_game":2,"diff":1}}}
2024-09-20 20:02:18 - 200 - {"status":0,"message":"","data":{"available_balance":59863.2,"play_passes":0,"timestamp":1726837338,"farming":{"game_id":"53b22103-c7ff-413d-bc63-20f6fb806a07","round_id":"b5d9a628-ac05-40ab-a325-ce68dfbc12db","user_id":20934293,"start_at":1726826442,"end_at":1726837242,"last_claim":1726826442,"points":0},"daily":{"round_id":"07c4e0d4-428e-4a3c-a3ed-3ec8fa7d689a","user_id":20934293,"start_at":1726753318,"last_check_ts":1726797545,"last_check_ymd":20240920,"next_check_ts":1726848000,"check_counter":2,"today_points":500,"today_game":2,"diff":1}}}
2024-09-20 20:02:18 - 200 - {"status":0,"message":"","data":{"game_id":"53b22103-c7ff-413d-bc63-20f6fb806a07","round_id":"b5d9a628-ac05-40ab-a325-ce68dfbc12db","user_id":20934293,"start_at":1726826442,"end_at":1726837242,"last_claim":1726837339,"points":"1080.00","finished":true,"claim_this_time":"1080.00"}}
2024-09-20 20:02:20 - 200 - {"status":0,"message":"","data":{"available_balance":"60943.20","play_passes":0,"timestamp":1726837340,"daily":{"round_id":"07c4e0d4-428e-4a3c-a3ed-3ec8fa7d689a","user_id":20934293,"start_at":1726753318,"last_check_ts":1726797545,"last_check_ymd":20240920,"next_check_ts":1726848000,"check_counter":2,"today_points":500,"today_game":2,"diff":1}}}
2024-09-20 20:02:20 - 200 - {"status":0,"message":"","data":{"game_id":"53b22103-c7ff-413d-bc63-20f6fb806a07","round_id":"5245d99a-bf51-4f22-94b6-b09399d7404a","user_id":20934293,"start_at":1726837341,"end_at":1726848141,"last_claim":1726837341,"points":0}}
2024-09-20 20:02:21 - 200 - {"status":0,"message":"","data":{"available_balance":60943.2,"play_passes":0,"timestamp":1726837341,"farming":{"game_id":"53b22103-c7ff-413d-bc63-20f6fb806a07","round_id":"5245d99a-bf51-4f22-94b6-b09399d7404a","user_id":20934293,"start_at":1726837341,"end_at":1726848141,"last_claim":1726837341,"points":0},"daily":{"round_id":"07c4e0d4-428e-4a3c-a3ed-3ec8fa7d689a","user_id":20934293,"start_at":1726753318,"last_check_ts":1726797545,"last_check_ymd":20240920,"next_check_ts":1726848000,"check_counter":2,"today_points":500,"today_game":2,"diff":1}}}
2024-09-20 23:04:24 - 200 - {"status":0,"message":"","data":{"available_balance":"60943.20","play_passes":0,"timestamp":1726848265,"farming":{"game_id":"53b22103-c7ff-413d-bc63-20f6fb806a07","round_id":"5245d99a-bf51-4f22-94b6-b09399d7404a","user_id":20934293,"start_at":1726837341,"end_at":1726848141,"last_claim":1726837341,"points":0},"daily":{"round_id":"07c4e0d4-428e-4a3c-a3ed-3ec8fa7d689a","user_id":20934293,"start_at":1726753318,"last_check_ts":1726797545,"last_check_ymd":20240920,"next_check_ts":1726848000,"check_counter":2,"today_points":500,"today_game":2,"diff":1}}}
2024-09-20 23:04:24 - 200 - {"status":400,"message":"already_check","data":{"round_id":"07c4e0d4-428e-4a3c-a3ed-3ec8fa7d689a","user_id":20934293,"start_at":1726753318,"last_check_ts":1726797545,"last_check_ymd":20240920,"next_check_ts":1726848000,"check_counter":2,"today_points":500,"today_game":2,"diff":1}}
2024-09-20 23:04:25 - 200 - {"status":0,"message":"","data":{"game_id":"53b22103-c7ff-413d-bc63-20f6fb806a07","round_id":"5245d99a-bf51-4f22-94b6-b09399d7404a","user_id":20934293,"start_at":1726837341,"end_at":1726848141,"last_claim":1726848265,"points":"1080.00","finished":true,"claim_this_time":"1080.00"}}
2024-09-20 23:04:25 - 200 - {"status":0,"message":"","data":{"available_balance":"62023.20","play_passes":0,"timestamp":1726848265,"daily":{"round_id":"07c4e0d4-428e-4a3c-a3ed-3ec8fa7d689a","user_id":20934293,"start_at":1726753318,"last_check_ts":1726797545,"last_check_ymd":20240920,"next_check_ts":1726848000,"check_counter":2,"today_points":500,"today_game":2,"diff":1}}}
2024-09-20 23:04:25 - 200 - {"status":400,"message":"already_check","data":{"round_id":"07c4e0d4-428e-4a3c-a3ed-3ec8fa7d689a","user_id":20934293,"start_at":1726753318,"last_check_ts":1726797545,"last_check_ymd":20240920,"next_check_ts":1726848000,"check_counter":2,"today_points":500,"today_game":2,"diff":1}}
2024-09-20 23:04:25 - 200 - {"status":0,"message":"","data":{"game_id":"53b22103-c7ff-413d-bc63-20f6fb806a07","round_id":"7c77e1ea-8127-42b9-9e83-19111d278e43","user_id":20934293,"start_at":1726848266,"end_at":1726859066,"last_claim":1726848266,"points":0}}
2024-09-20 23:04:25 - 200 - {"status":0,"message":"","data":{"available_balance":62023.2,"play_passes":0,"timestamp":1726848266,"farming":{"game_id":"53b22103-c7ff-413d-bc63-20f6fb806a07","round_id":"7c77e1ea-8127-42b9-9e83-19111d278e43","user_id":20934293,"start_at":1726848266,"end_at":1726859066,"last_claim":1726848266,"points":0},"daily":{"round_id":"07c4e0d4-428e-4a3c-a3ed-3ec8fa7d689a","user_id":20934293,"start_at":1726753318,"last_check_ts":1726797545,"last_check_ymd":20240920,"next_check_ts":1726848000,"check_counter":2,"today_points":500,"today_game":2,"diff":1}}}
2024-09-20 23:04:25 - 200 - {"status":400,"message":"already_check","data":{"round_id":"07c4e0d4-428e-4a3c-a3ed-3ec8fa7d689a","user_id":20934293,"start_at":1726753318,"last_check_ts":1726797545,"last_check_ymd":20240920,"next_check_ts":1726848000,"check_counter":2,"today_points":500,"today_game":2,"diff":1}}
2024-09-21 01:33:33 - 200 - {"status":0,"message":"","data":{"available_balance":"62023.20","play_passes":0,"timestamp":1726857212,"farming":{"game_id":"53b22103-c7ff-413d-bc63-20f6fb806a07","round_id":"7c77e1ea-8127-42b9-9e83-19111d278e43","user_id":20934293,"start_at":1726848266,"end_at":1726859066,"last_claim":1726848266,"points":0},"daily":{"round_id":"07c4e0d4-428e-4a3c-a3ed-3ec8fa7d689a","user_id":20934293,"start_at":1726753318,"last_check_ts":1726797545,"last_check_ymd":20240920,"next_check_ts":1726848000,"check_counter":2,"today_points":500,"today_game":2,"diff":1}}}
2024-09-21 01:33:33 - 200 - {"status":400,"message":"already_check","data":{"round_id":"07c4e0d4-428e-4a3c-a3ed-3ec8fa7d689a","user_id":20934293,"start_at":1726753318,"last_check_ts":1726797545,"last_check_ymd":20240920,"next_check_ts":1726848000,"check_counter":2,"today_points":500,"today_game":2,"diff":1}}
2024-09-21 02:05:55 - 200 - {"status":0,"message":"","data":{"available_balance":62023.2,"play_passes":0,"timestamp":1726859155,"farming":{"game_id":"53b22103-c7ff-413d-bc63-20f6fb806a07","round_id":"7c77e1ea-8127-42b9-9e83-19111d278e43","user_id":20934293,"start_at":1726848266,"end_at":1726859066,"last_claim":1726848266,"points":0},"daily":{"round_id":"07c4e0d4-428e-4a3c-a3ed-3ec8fa7d689a","user_id":20934293,"start_at":1726753318,"last_check_ts":1726797545,"last_check_ymd":20240920,"next_check_ts":1726848000,"check_counter":2,"today_points":500,"today_game":2,"diff":1}}}
2024-09-21 02:05:56 - 200 - {"status":400,"message":"already_check","data":{"round_id":"07c4e0d4-428e-4a3c-a3ed-3ec8fa7d689a","user_id":20934293,"start_at":1726753318,"last_check_ts":1726797545,"last_check_ymd":20240920,"next_check_ts":1726848000,"check_counter":2,"today_points":500,"today_game":2,"diff":1}}
2024-09-21 02:05:56 - 200 - {"status":0,"message":"","data":{"game_id":"53b22103-c7ff-413d-bc63-20f6fb806a07","round_id":"7c77e1ea-8127-42b9-9e83-19111d278e43","user_id":20934293,"start_at":1726848266,"end_at":1726859066,"last_claim":1726859155,"points":"1080.00","finished":true,"claim_this_time":"1080.00"}}
2024-09-21 02:05:56 - 200 - {"status":0,"message":"","data":{"available_balance":"63103.20","play_passes":0,"timestamp":1726859155,"daily":{"round_id":"07c4e0d4-428e-4a3c-a3ed-3ec8fa7d689a","user_id":20934293,"start_at":1726753318,"last_check_ts":1726797545,"last_check_ymd":20240920,"next_check_ts":1726848000,"check_counter":2,"today_points":500,"today_game":2,"diff":1}}}
2024-09-21 02:05:56 - 200 - {"status":400,"message":"already_check","data":{"round_id":"07c4e0d4-428e-4a3c-a3ed-3ec8fa7d689a","user_id":20934293,"start_at":1726753318,"last_check_ts":1726797545,"last_check_ymd":20240920,"next_check_ts":1726848000,"check_counter":2,"today_points":500,"today_game":2,"diff":1}}
2024-09-21 02:05:56 - 200 - {"status":0,"message":"","data":{"game_id":"53b22103-c7ff-413d-bc63-20f6fb806a07","round_id":"afcdf4c4-3a57-4188-b229-425af45bd354","user_id":20934293,"start_at":1726859156,"end_at":1726869956,"last_claim":1726859156,"points":0}}
2024-09-21 02:05:56 - 200 - {"status":0,"message":"","data":{"available_balance":63103.2,"play_passes":0,"timestamp":1726859156,"farming":{"game_id":"53b22103-c7ff-413d-bc63-20f6fb806a07","round_id":"afcdf4c4-3a57-4188-b229-425af45bd354","user_id":20934293,"start_at":1726859156,"end_at":1726869956,"last_claim":1726859156,"points":0},"daily":{"round_id":"07c4e0d4-428e-4a3c-a3ed-3ec8fa7d689a","user_id":20934293,"start_at":1726753318,"last_check_ts":1726797545,"last_check_ymd":20240920,"next_check_ts":1726848000,"check_counter":2,"today_points":500,"today_game":2,"diff":1}}}
2024-09-21 02:05:57 - 200 - {"status":400,"message":"already_check","data":{"round_id":"07c4e0d4-428e-4a3c-a3ed-3ec8fa7d689a","user_id":20934293,"start_at":1726753318,"last_check_ts":1726797545,"last_check_ymd":20240920,"next_check_ts":1726848000,"check_counter":2,"today_points":500,"today_game":2,"diff":1}}
2024-09-21 05:07:58 - 200 - {"status":0,"message":"","data":{"available_balance":"63103.20","play_passes":0,"timestamp":1726870078,"farming":{"game_id":"53b22103-c7ff-413d-bc63-20f6fb806a07","round_id":"afcdf4c4-3a57-4188-b229-425af45bd354","user_id":20934293,"start_at":1726859156,"end_at":1726869956,"last_claim":1726859156,"points":0},"daily":{"round_id":"07c4e0d4-428e-4a3c-a3ed-3ec8fa7d689a","user_id":20934293,"start_at":1726753318,"last_check_ts":1726797545,"last_check_ymd":20240920,"next_check_ts":1726848000,"check_counter":2,"today_points":500,"today_game":2,"diff":1}}}
2024-09-21 05:07:59 - 200 - {"status":400,"message":"already_check","data":{"round_id":"07c4e0d4-428e-4a3c-a3ed-3ec8fa7d689a","user_id":20934293,"start_at":1726753318,"last_check_ts":1726797545,"last_check_ymd":20240920,"next_check_ts":1726848000,"check_counter":2,"today_points":500,"today_game":2,"diff":1}}
2024-09-21 05:07:59 - 200 - {"status":0,"message":"","data":{"game_id":"53b22103-c7ff-413d-bc63-20f6fb806a07","round_id":"afcdf4c4-3a57-4188-b229-425af45bd354","user_id":20934293,"start_at":1726859156,"end_at":1726869956,"last_claim":1726870079,"points":"1080.00","finished":true,"claim_this_time":"1080.00"}}
2024-09-21 05:07:59 - 200 - {"status":0,"message":"","data":{"available_balance":"64183.20","play_passes":0,"timestamp":1726870079,"daily":{"round_id":"07c4e0d4-428e-4a3c-a3ed-3ec8fa7d689a","user_id":20934293,"start_at":1726753318,"last_check_ts":1726797545,"last_check_ymd":20240920,"next_check_ts":1726848000,"check_counter":2,"today_points":500,"today_game":2,"diff":1}}}
2024-09-21 05:07:59 - 200 - {"status":400,"message":"already_check","data":{"round_id":"07c4e0d4-428e-4a3c-a3ed-3ec8fa7d689a","user_id":20934293,"start_at":1726753318,"last_check_ts":1726797545,"last_check_ymd":20240920,"next_check_ts":1726848000,"check_counter":2,"today_points":500,"today_game":2,"diff":1}}
2024-09-21 05:08:00 - 200 - {"status":0,"message":"","data":{"game_id":"53b22103-c7ff-413d-bc63-20f6fb806a07","round_id":"e9497a7b-dbfe-4e2d-ab64-5a2689130840","user_id":20934293,"start_at":1726870079,"end_at":1726880879,"last_claim":1726870079,"points":0}}
2024-09-21 05:08:00 - 200 - {"status":0,"message":"","data":{"available_balance":64183.2,"play_passes":0,"timestamp":1726870079,"farming":{"game_id":"53b22103-c7ff-413d-bc63-20f6fb806a07","round_id":"e9497a7b-dbfe-4e2d-ab64-5a2689130840","user_id":20934293,"start_at":1726870079,"end_at":1726880879,"last_claim":1726870079,"points":0},"daily":{"round_id":"07c4e0d4-428e-4a3c-a3ed-3ec8fa7d689a","user_id":20934293,"start_at":1726753318,"last_check_ts":1726797545,"last_check_ymd":20240920,"next_check_ts":1726848000,"check_counter":2,"today_points":500,"today_game":2,"diff":1}}}
2024-09-21 05:08:00 - 200 - {"status":400,"message":"already_check","data":{"round_id":"07c4e0d4-428e-4a3c-a3ed-3ec8fa7d689a","user_id":20934293,"start_at":1726753318,"last_check_ts":1726797545,"last_check_ymd":20240920,"next_check_ts":1726848000,"check_counter":2,"today_points":500,"today_game":2,"diff":1}}
2024-09-21 08:09:08 - 200 - {"status":0,"message":"","data":{"available_balance":"64183.20","play_passes":5,"timestamp":1726880948,"farming":{"game_id":"53b22103-c7ff-413d-bc63-20f6fb806a07","round_id":"e9497a7b-dbfe-4e2d-ab64-5a2689130840","user_id":20934293,"start_at":1726870079,"end_at":1726880879,"last_claim":1726870079,"points":0},"daily":{"round_id":"07c4e0d4-428e-4a3c-a3ed-3ec8fa7d689a","user_id":20934293,"start_at":1726753318,"last_check_ts":1726797545,"last_check_ymd":20240920,"next_check_ts":1726848000,"check_counter":2,"today_points":500,"today_game":2,"diff":1}}}
2024-09-21 08:09:08 - 200 - {"status":0,"message":"","data":{"round_id":"07c4e0d4-428e-4a3c-a3ed-3ec8fa7d689a","user_id":20934293,"start_at":1726753318,"last_check_ts":1726852148,"last_check_ymd":20240921,"next_check_ts":1726934400,"check_counter":3,"today_points":4000,"today_game":3,"diff":1}}
2024-09-21 08:09:09 - 200 - {"status":0,"message":"","data":{"game_id":"53b22103-c7ff-413d-bc63-20f6fb806a07","round_id":"e9497a7b-dbfe-4e2d-ab64-5a2689130840","user_id":20934293,"start_at":1726870079,"end_at":1726880879,"last_claim":1726880948,"points":"1080.00","finished":true,"claim_this_time":"1080.00"}}
2024-09-21 08:09:09 - 200 - {"status":0,"message":"","data":{"available_balance":"69263.20","play_passes":8,"timestamp":1726880949,"daily":{"round_id":"07c4e0d4-428e-4a3c-a3ed-3ec8fa7d689a","user_id":20934293,"start_at":1726753318,"last_check_ts":1726852148,"last_check_ymd":20240921,"next_check_ts":1726934400,"check_counter":3,"today_points":4000,"today_game":3,"diff":1}}}
2024-09-21 08:09:09 - 200 - {"status":0,"message":"","data":{"game_id":"53b22103-c7ff-413d-bc63-20f6fb806a07","round_id":"d66d48fe-3ee7-4271-966b-f11bbe2dd3fe","user_id":20934293,"start_at":1726880949,"end_at":1726891749,"last_claim":1726880949,"points":0}}
2024-09-21 08:09:09 - 200 - {"status":0,"message":"","data":{"available_balance":69263.2,"play_passes":8,"timestamp":1726880949,"farming":{"game_id":"53b22103-c7ff-413d-bc63-20f6fb806a07","round_id":"d66d48fe-3ee7-4271-966b-f11bbe2dd3fe","user_id":20934293,"start_at":1726880949,"end_at":1726891749,"last_claim":1726880949,"points":0},"daily":{"round_id":"07c4e0d4-428e-4a3c-a3ed-3ec8fa7d689a","user_id":20934293,"start_at":1726753318,"last_check_ts":1726852148,"last_check_ymd":20240921,"next_check_ts":1726934400,"check_counter":3,"today_points":4000,"today_game":3,"diff":1}}}
2024-09-21 08:09:09 - 200 - {"status":0,"message":"","data":{"round_id":"256f29af-ee51-45c3-9354-128fd915040a","user_id":20934293,"start_at":1726880949,"end_at":1726880979}}
2024-09-21 08:09:39 - 200 - {"status":0,"message":"","data":{"round_id":"256f29af-ee51-45c3-9354-128fd915040a","user_id":20934293,"start_at":1726880949,"end_at":1726880979,"points":498}}
2024-09-21 08:09:39 - 200 - {"status":0,"message":"","data":{"round_id":"b88fff80-ce66-48b5-a529-2fb50e03cbdd","user_id":20934293,"start_at":1726880979,"end_at":1726881009}}
2024-09-21 08:10:09 - 200 - {"status":0,"message":"","data":{"round_id":"b88fff80-ce66-48b5-a529-2fb50e03cbdd","user_id":20934293,"start_at":1726880979,"end_at":1726881009,"points":494}}
2024-09-21 08:10:10 - 200 - {"status":0,"message":"","data":{"round_id":"8fbe8c52-3e14-48f6-82c9-b98a3fed6198","user_id":20934293,"start_at":1726881010,"end_at":1726881040}}
2024-09-21 08:10:40 - 200 - {"status":0,"message":"","data":{"round_id":"8fbe8c52-3e14-48f6-82c9-b98a3fed6198","user_id":20934293,"start_at":1726881010,"end_at":1726881040,"points":491}}
2024-09-21 08:10:40 - 200 - {"status":0,"message":"","data":{"round_id":"2a221dd1-cc91-478a-b3a1-31a0c19372fe","user_id":20934293,"start_at":1726881040,"end_at":1726881070}}
2024-09-21 08:11:10 - 200 - {"status":0,"message":"","data":{"round_id":"2a221dd1-cc91-478a-b3a1-31a0c19372fe","user_id":20934293,"start_at":1726881040,"end_at":1726881070,"points":493}}
2024-09-21 08:11:10 - 200 - {"status":0,"message":"","data":{"round_id":"55b406ce-7de2-49f9-9e73-86bf360c7922","user_id":20934293,"start_at":1726881070,"end_at":1726881100}}
2024-09-21 08:11:40 - 200 - {"status":0,"message":"","data":{"round_id":"55b406ce-7de2-49f9-9e73-86bf360c7922","user_id":20934293,"start_at":1726881070,"end_at":1726881100,"points":499}}
2024-09-21 08:11:41 - 200 - {"status":0,"message":"","data":{"round_id":"3c3b800e-57b2-4fe1-b398-5049b8dc55fb","user_id":20934293,"start_at":1726881101,"end_at":1726881131}}
2024-09-21 08:12:11 - 200 - {"status":0,"message":"","data":{"round_id":"3c3b800e-57b2-4fe1-b398-5049b8dc55fb","user_id":20934293,"start_at":1726881101,"end_at":1726881131,"points":493}}
2024-09-21 08:12:11 - 200 - {"status":0,"message":"","data":{"round_id":"edf32f79-37ce-4d56-b6b2-add8d3ccba4a","user_id":20934293,"start_at":1726881131,"end_at":1726881161}}
2024-09-21 08:12:41 - 200 - {"status":0,"message":"","data":{"round_id":"edf32f79-37ce-4d56-b6b2-add8d3ccba4a","user_id":20934293,"start_at":1726881131,"end_at":1726881161,"points":500}}
2024-09-21 08:12:41 - 200 - {"status":0,"message":"","data":{"round_id":"0ee0a17d-08f4-4252-a805-91c580490491","user_id":20934293,"start_at":1726881161,"end_at":1726881191}}
2024-09-21 08:13:11 - 200 - {"status":0,"message":"","data":{"round_id":"0ee0a17d-08f4-4252-a805-91c580490491","user_id":20934293,"start_at":1726881161,"end_at":1726881191,"points":493}}
2024-09-21 08:13:11 - 200 - {"status":0,"message":"","data":{"available_balance":"73224.20","play_passes":0,"timestamp":1726881191,"farming":{"game_id":"53b22103-c7ff-413d-bc63-20f6fb806a07","round_id":"d66d48fe-3ee7-4271-966b-f11bbe2dd3fe","user_id":20934293,"start_at":1726880949,"end_at":1726891749,"last_claim":1726880949,"points":0},"daily":{"round_id":"07c4e0d4-428e-4a3c-a3ed-3ec8fa7d689a","user_id":20934293,"start_at":1726753318,"last_check_ts":1726852148,"last_check_ymd":20240921,"next_check_ts":1726934400,"check_counter":3,"today_points":4000,"today_game":3,"diff":1}}}
2024-09-21 11:07:03 - 200 - {"status":0,"message":"","data":{"available_balance":"73224.20","play_passes":0,"timestamp":1726891624,"farming":{"game_id":"53b22103-c7ff-413d-bc63-20f6fb806a07","round_id":"d66d48fe-3ee7-4271-966b-f11bbe2dd3fe","user_id":20934293,"start_at":1726880949,"end_at":1726891749,"last_claim":1726880949,"points":0},"daily":{"round_id":"07c4e0d4-428e-4a3c-a3ed-3ec8fa7d689a","user_id":20934293,"start_at":1726753318,"last_check_ts":1726852148,"last_check_ymd":20240921,"next_check_ts":1726934400,"check_counter":3,"today_points":4000,"today_game":3,"diff":1}}}
2024-09-21 11:10:59 - 200 - {"status":0,"message":"","data":{"available_balance":73224.2,"play_passes":0,"timestamp":1726891859,"farming":{"game_id":"53b22103-c7ff-413d-bc63-20f6fb806a07","round_id":"d66d48fe-3ee7-4271-966b-f11bbe2dd3fe","user_id":20934293,"start_at":1726880949,"end_at":1726891749,"last_claim":1726880949,"points":0},"daily":{"round_id":"07c4e0d4-428e-4a3c-a3ed-3ec8fa7d689a","user_id":20934293,"start_at":1726753318,"last_check_ts":1726852148,"last_check_ymd":20240921,"next_check_ts":1726934400,"check_counter":3,"today_points":4000,"today_game":3,"diff":1}}}
2024-09-21 11:10:59 - 200 - {"status":0,"message":"","data":{"game_id":"53b22103-c7ff-413d-bc63-20f6fb806a07","round_id":"d66d48fe-3ee7-4271-966b-f11bbe2dd3fe","user_id":20934293,"start_at":1726880949,"end_at":1726891749,"last_claim":1726891859,"points":"1080.00","finished":true,"claim_this_time":"1080.00"}}
2024-09-21 11:10:59 - 200 - {"status":0,"message":"","data":{"available_balance":"74304.20","play_passes":0,"timestamp":1726891859,"daily":{"round_id":"07c4e0d4-428e-4a3c-a3ed-3ec8fa7d689a","user_id":20934293,"start_at":1726753318,"last_check_ts":1726852148,"last_check_ymd":20240921,"next_check_ts":1726934400,"check_counter":3,"today_points":4000,"today_game":3,"diff":1}}}
2024-09-21 11:10:59 - 200 - {"status":0,"message":"","data":{"game_id":"53b22103-c7ff-413d-bc63-20f6fb806a07","round_id":"55262610-a907-4604-b238-141d0ac8ad4e","user_id":20934293,"start_at":1726891860,"end_at":1726902660,"last_claim":1726891860,"points":0}}
2024-09-21 11:10:59 - 200 - {"status":0,"message":"","data":{"available_balance":74304.2,"play_passes":0,"timestamp":1726891860,"farming":{"game_id":"53b22103-c7ff-413d-bc63-20f6fb806a07","round_id":"55262610-a907-4604-b238-141d0ac8ad4e","user_id":20934293,"start_at":1726891860,"end_at":1726902660,"last_claim":1726891860,"points":0},"daily":{"round_id":"07c4e0d4-428e-4a3c-a3ed-3ec8fa7d689a","user_id":20934293,"start_at":1726753318,"last_check_ts":1726852148,"last_check_ymd":20240921,"next_check_ts":1726934400,"check_counter":3,"today_points":4000,"today_game":3,"diff":1}}}
2024-09-21 21:07:59 - 200 - {"status":0,"message":"","data":{"available_balance":"74304.20","play_passes":0,"timestamp":1726927679,"farming":{"game_id":"53b22103-c7ff-413d-bc63-20f6fb806a07","round_id":"55262610-a907-4604-b238-141d0ac8ad4e","user_id":20934293,"start_at":1726891860,"end_at":1726902660,"last_claim":1726891860,"points":0},"daily":{"round_id":"07c4e0d4-428e-4a3c-a3ed-3ec8fa7d689a","user_id":20934293,"start_at":1726753318,"last_check_ts":1726852148,"last_check_ymd":20240921,"next_check_ts":1726934400,"check_counter":3,"today_points":4000,"today_game":3,"diff":1}}}
2024-09-21 21:07:59 - 200 - {"status":0,"message":"","data":{"game_id":"53b22103-c7ff-413d-bc63-20f6fb806a07","round_id":"55262610-a907-4604-b238-141d0ac8ad4e","user_id":20934293,"start_at":1726891860,"end_at":1726902660,"last_claim":1726927679,"points":"1080.00","finished":true,"claim_this_time":"1080.00"}}
2024-09-21 21:07:59 - 200 - {"status":0,"message":"","data":{"available_balance":"75384.20","play_passes":0,"timestamp":1726927679,"daily":{"round_id":"07c4e0d4-428e-4a3c-a3ed-3ec8fa7d689a","user_id":20934293,"start_at":1726753318,"last_check_ts":1726852148,"last_check_ymd":20240921,"next_check_ts":1726934400,"check_counter":3,"today_points":4000,"today_game":3,"diff":1}}}
2024-09-21 21:08:00 - 200 - {"status":0,"message":"","data":{"game_id":"53b22103-c7ff-413d-bc63-20f6fb806a07","round_id":"9b1fc5a2-b03a-4b99-b3ca-dc52502e6a2c","user_id":20934293,"start_at":1726927680,"end_at":1726938480,"last_claim":1726927680,"points":0}}
2024-09-21 21:08:00 - 200 - {"status":0,"message":"","data":{"available_balance":75384.2,"play_passes":0,"timestamp":1726927680,"farming":{"game_id":"53b22103-c7ff-413d-bc63-20f6fb806a07","round_id":"9b1fc5a2-b03a-4b99-b3ca-dc52502e6a2c","user_id":20934293,"start_at":1726927680,"end_at":1726938480,"last_claim":1726927680,"points":0},"daily":{"round_id":"07c4e0d4-428e-4a3c-a3ed-3ec8fa7d689a","user_id":20934293,"start_at":1726753318,"last_check_ts":1726852148,"last_check_ymd":20240921,"next_check_ts":1726934400,"check_counter":3,"today_points":4000,"today_game":3,"diff":1}}}
2024-09-22 00:09:38 - 200 - {"status":0,"message":"","data":{"available_balance":"75384.20","play_passes":0,"timestamp":1726938579,"farming":{"game_id":"53b22103-c7ff-413d-bc63-20f6fb806a07","round_id":"9b1fc5a2-b03a-4b99-b3ca-dc52502e6a2c","user_id":20934293,"start_at":1726927680,"end_at":1726938480,"last_claim":1726927680,"points":0},"daily":{"round_id":"07c4e0d4-428e-4a3c-a3ed-3ec8fa7d689a","user_id":20934293,"start_at":1726753318,"last_check_ts":1726852148,"last_check_ymd":20240921,"next_check_ts":1726934400,"check_counter":3,"today_points":4000,"today_game":3,"diff":1}}}
2024-09-22 00:09:39 - 200 - {"status":400,"message":"already_check","data":{"round_id":"07c4e0d4-428e-4a3c-a3ed-3ec8fa7d689a","user_id":20934293,"start_at":1726753318,"last_check_ts":1726852148,"last_check_ymd":20240921,"next_check_ts":1726934400,"check_counter":3,"today_points":4000,"today_game":3,"diff":1}}
2024-09-22 00:09:39 - 200 - {"status":0,"message":"","data":{"game_id":"53b22103-c7ff-413d-bc63-20f6fb806a07","round_id":"9b1fc5a2-b03a-4b99-b3ca-dc52502e6a2c","user_id":20934293,"start_at":1726927680,"end_at":1726938480,"last_claim":1726938579,"points":"1080.00","finished":true,"claim_this_time":"1080.00"}}
2024-09-22 00:09:39 - 200 - {"status":0,"message":"","data":{"available_balance":"76464.20","play_passes":0,"timestamp":1726938579,"daily":{"round_id":"07c4e0d4-428e-4a3c-a3ed-3ec8fa7d689a","user_id":20934293,"start_at":1726753318,"last_check_ts":1726852148,"last_check_ymd":20240921,"next_check_ts":1726934400,"check_counter":3,"today_points":4000,"today_game":3,"diff":1}}}
2024-09-22 00:09:39 - 200 - {"status":400,"message":"already_check","data":{"round_id":"07c4e0d4-428e-4a3c-a3ed-3ec8fa7d689a","user_id":20934293,"start_at":1726753318,"last_check_ts":1726852148,"last_check_ymd":20240921,"next_check_ts":1726934400,"check_counter":3,"today_points":4000,"today_game":3,"diff":1}}
2024-09-22 00:09:39 - 200 - {"status":0,"message":"","data":{"game_id":"53b22103-c7ff-413d-bc63-20f6fb806a07","round_id":"bf04a159-4b33-4b0b-a3c1-3d17a46bcb6f","user_id":20934293,"start_at":1726938580,"end_at":1726949380,"last_claim":1726938580,"points":0}}
2024-09-22 00:09:39 - 200 - {"status":0,"message":"","data":{"available_balance":76464.2,"play_passes":0,"timestamp":1726938580,"farming":{"game_id":"53b22103-c7ff-413d-bc63-20f6fb806a07","round_id":"bf04a159-4b33-4b0b-a3c1-3d17a46bcb6f","user_id":20934293,"start_at":1726938580,"end_at":1726949380,"last_claim":1726938580,"points":0},"daily":{"round_id":"07c4e0d4-428e-4a3c-a3ed-3ec8fa7d689a","user_id":20934293,"start_at":1726753318,"last_check_ts":1726852148,"last_check_ymd":20240921,"next_check_ts":1726934400,"check_counter":3,"today_points":4000,"today_game":3,"diff":1}}}
2024-09-22 00:09:39 - 200 - {"status":400,"message":"already_check","data":{"round_id":"07c4e0d4-428e-4a3c-a3ed-3ec8fa7d689a","user_id":20934293,"start_at":1726753318,"last_check_ts":1726852148,"last_check_ymd":20240921,"next_check_ts":1726934400,"check_counter":3,"today_points":4000,"today_game":3,"diff":1}}
2024-09-22 03:11:44 - 200 - {"status":0,"message":"","data":{"available_balance":"76464.20","play_passes":0,"timestamp":1726949505,"farming":{"game_id":"53b22103-c7ff-413d-bc63-20f6fb806a07","round_id":"bf04a159-4b33-4b0b-a3c1-3d17a46bcb6f","user_id":20934293,"start_at":1726938580,"end_at":1726949380,"last_claim":1726938580,"points":0},"daily":{"round_id":"07c4e0d4-428e-4a3c-a3ed-3ec8fa7d689a","user_id":20934293,"start_at":1726753318,"last_check_ts":1726852148,"last_check_ymd":20240921,"next_check_ts":1726934400,"check_counter":3,"today_points":4000,"today_game":3,"diff":1}}}
2024-09-22 03:11:44 - 200 - {"status":400,"message":"already_check","data":{"round_id":"07c4e0d4-428e-4a3c-a3ed-3ec8fa7d689a","user_id":20934293,"start_at":1726753318,"last_check_ts":1726852148,"last_check_ymd":20240921,"next_check_ts":1726934400,"check_counter":3,"today_points":4000,"today_game":3,"diff":1}}
2024-09-22 03:11:44 - 200 - {"status":0,"message":"","data":{"game_id":"53b22103-c7ff-413d-bc63-20f6fb806a07","round_id":"bf04a159-4b33-4b0b-a3c1-3d17a46bcb6f","user_id":20934293,"start_at":1726938580,"end_at":1726949380,"last_claim":1726949505,"points":"1080.00","finished":true,"claim_this_time":"1080.00"}}
2024-09-22 03:11:45 - 200 - {"status":0,"message":"","data":{"available_balance":"77544.20","play_passes":0,"timestamp":1726949505,"daily":{"round_id":"07c4e0d4-428e-4a3c-a3ed-3ec8fa7d689a","user_id":20934293,"start_at":1726753318,"last_check_ts":1726852148,"last_check_ymd":20240921,"next_check_ts":1726934400,"check_counter":3,"today_points":4000,"today_game":3,"diff":1}}}
2024-09-22 03:11:45 - 200 - {"status":400,"message":"already_check","data":{"round_id":"07c4e0d4-428e-4a3c-a3ed-3ec8fa7d689a","user_id":20934293,"start_at":1726753318,"last_check_ts":1726852148,"last_check_ymd":20240921,"next_check_ts":1726934400,"check_counter":3,"today_points":4000,"today_game":3,"diff":1}}
2024-09-22 03:11:45 - 200 - {"status":0,"message":"","data":{"game_id":"53b22103-c7ff-413d-bc63-20f6fb806a07","round_id":"dbcd7f54-4e1f-4e6c-8b2e-0feabefc5f8b","user_id":20934293,"start_at":1726949506,"end_at":1726960306,"last_claim":1726949506,"points":0}}
2024-09-22 03:11:45 - 200 - {"status":0,"message":"","data":{"available_balance":77544.2,"play_passes":0,"timestamp":1726949506,"farming":{"game_id":"53b22103-c7ff-413d-bc63-20f6fb806a07","round_id":"dbcd7f54-4e1f-4e6c-8b2e-0feabefc5f8b","user_id":20934293,"start_at":1726949506,"end_at":1726960306,"last_claim":1726949506,"points":0},"daily":{"round_id":"07c4e0d4-428e-4a3c-a3ed-3ec8fa7d689a","user_id":20934293,"start_at":1726753318,"last_check_ts":1726852148,"last_check_ymd":20240921,"next_check_ts":1726934400,"check_counter":3,"today_points":4000,"today_game":3,"diff":1}}}
2024-09-22 03:11:45 - 200 - {"status":400,"message":"already_check","data":{"round_id":"07c4e0d4-428e-4a3c-a3ed-3ec8fa7d689a","user_id":20934293,"start_at":1726753318,"last_check_ts":1726852148,"last_check_ymd":20240921,"next_check_ts":1726934400,"check_counter":3,"today_points":4000,"today_game":3,"diff":1}}
2024-09-22 06:13:50 - 200 - {"status":0,"message":"","data":{"available_balance":"77544.20","play_passes":0,"timestamp":1726960431,"farming":{"game_id":"53b22103-c7ff-413d-bc63-20f6fb806a07","round_id":"dbcd7f54-4e1f-4e6c-8b2e-0feabefc5f8b","user_id":20934293,"start_at":1726949506,"end_at":1726960306,"last_claim":1726949506,"points":0},"daily":{"round_id":"07c4e0d4-428e-4a3c-a3ed-3ec8fa7d689a","user_id":20934293,"start_at":1726753318,"last_check_ts":1726852148,"last_check_ymd":20240921,"next_check_ts":1726934400,"check_counter":3,"today_points":4000,"today_game":3,"diff":1}}}
2024-09-22 06:13:50 - 200 - {"status":400,"message":"already_check","data":{"round_id":"07c4e0d4-428e-4a3c-a3ed-3ec8fa7d689a","user_id":20934293,"start_at":1726753318,"last_check_ts":1726852148,"last_check_ymd":20240921,"next_check_ts":1726934400,"check_counter":3,"today_points":4000,"today_game":3,"diff":1}}
2024-09-22 06:13:50 - 200 - {"status":0,"message":"","data":{"game_id":"53b22103-c7ff-413d-bc63-20f6fb806a07","round_id":"dbcd7f54-4e1f-4e6c-8b2e-0feabefc5f8b","user_id":20934293,"start_at":1726949506,"end_at":1726960306,"last_claim":1726960432,"points":"1080.00","finished":true,"claim_this_time":"1080.00"}}
2024-09-22 06:13:51 - 200 - {"status":0,"message":"","data":{"available_balance":"78624.20","play_passes":0,"timestamp":1726960432,"daily":{"round_id":"07c4e0d4-428e-4a3c-a3ed-3ec8fa7d689a","user_id":20934293,"start_at":1726753318,"last_check_ts":1726852148,"last_check_ymd":20240921,"next_check_ts":1726934400,"check_counter":3,"today_points":4000,"today_game":3,"diff":1}}}
2024-09-22 06:13:51 - 200 - {"status":400,"message":"already_check","data":{"round_id":"07c4e0d4-428e-4a3c-a3ed-3ec8fa7d689a","user_id":20934293,"start_at":1726753318,"last_check_ts":1726852148,"last_check_ymd":20240921,"next_check_ts":1726934400,"check_counter":3,"today_points":4000,"today_game":3,"diff":1}}
2024-09-22 06:13:51 - 200 - {"status":0,"message":"","data":{"game_id":"53b22103-c7ff-413d-bc63-20f6fb806a07","round_id":"e1c5877c-a50f-48b4-8a49-05b331d500d5","user_id":20934293,"start_at":1726960432,"end_at":1726971232,"last_claim":1726960432,"points":0}}
2024-09-22 06:13:51 - 200 - {"status":0,"message":"","data":{"available_balance":78624.2,"play_passes":0,"timestamp":1726960432,"farming":{"game_id":"53b22103-c7ff-413d-bc63-20f6fb806a07","round_id":"e1c5877c-a50f-48b4-8a49-05b331d500d5","user_id":20934293,"start_at":1726960432,"end_at":1726971232,"last_claim":1726960432,"points":0},"daily":{"round_id":"07c4e0d4-428e-4a3c-a3ed-3ec8fa7d689a","user_id":20934293,"start_at":1726753318,"last_check_ts":1726852148,"last_check_ymd":20240921,"next_check_ts":1726934400,"check_counter":3,"today_points":4000,"today_game":3,"diff":1}}}
2024-09-22 06:13:51 - 200 - {"status":400,"message":"already_check","data":{"round_id":"07c4e0d4-428e-4a3c-a3ed-3ec8fa7d689a","user_id":20934293,"start_at":1726753318,"last_check_ts":1726852148,"last_check_ymd":20240921,"next_check_ts":1726934400,"check_counter":3,"today_points":4000,"today_game":3,"diff":1}}
2024-09-22 09:15:53 - 200 - {"status":0,"message":"","data":{"available_balance":"78624.20","play_passes":5,"timestamp":1726971355,"farming":{"game_id":"53b22103-c7ff-413d-bc63-20f6fb806a07","round_id":"e1c5877c-a50f-48b4-8a49-05b331d500d5","user_id":20934293,"start_at":1726960432,"end_at":1726971232,"last_claim":1726960432,"points":0},"daily":{"round_id":"07c4e0d4-428e-4a3c-a3ed-3ec8fa7d689a","user_id":20934293,"start_at":1726753318,"last_check_ts":1726852148,"last_check_ymd":20240921,"next_check_ts":1726934400,"check_counter":3,"today_points":4000,"today_game":3,"diff":1}}}
2024-09-22 09:15:54 - 200 - {"status":0,"message":"","data":{"round_id":"07c4e0d4-428e-4a3c-a3ed-3ec8fa7d689a","user_id":20934293,"start_at":1726753318,"last_check_ts":1726942555,"last_check_ymd":20240922,"next_check_ts":1727020800,"check_counter":4,"today_points":3000,"today_game":4,"diff":1}}
2024-09-22 09:15:54 - 200 - {"status":0,"message":"","data":{"game_id":"53b22103-c7ff-413d-bc63-20f6fb806a07","round_id":"e1c5877c-a50f-48b4-8a49-05b331d500d5","user_id":20934293,"start_at":1726960432,"end_at":1726971232,"last_claim":1726971355,"points":"1080.00","finished":true,"claim_this_time":"1080.00"}}
2024-09-22 09:15:54 - 200 - {"status":0,"message":"","data":{"available_balance":"82704.20","play_passes":9,"timestamp":1726971355,"daily":{"round_id":"07c4e0d4-428e-4a3c-a3ed-3ec8fa7d689a","user_id":20934293,"start_at":1726753318,"last_check_ts":1726942555,"last_check_ymd":20240922,"next_check_ts":1727020800,"check_counter":4,"today_points":3000,"today_game":4,"diff":1}}}
2024-09-22 09:15:54 - 200 - {"status":0,"message":"","data":{"game_id":"53b22103-c7ff-413d-bc63-20f6fb806a07","round_id":"b2962f92-323b-4a72-a014-0e422a91a3b0","user_id":20934293,"start_at":1726971356,"end_at":1726982156,"last_claim":1726971356,"points":0}}
2024-09-22 09:15:54 - 200 - {"status":0,"message":"","data":{"available_balance":82704.2,"play_passes":9,"timestamp":1726971356,"farming":{"game_id":"53b22103-c7ff-413d-bc63-20f6fb806a07","round_id":"b2962f92-323b-4a72-a014-0e422a91a3b0","user_id":20934293,"start_at":1726971356,"end_at":1726982156,"last_claim":1726971356,"points":0},"daily":{"round_id":"07c4e0d4-428e-4a3c-a3ed-3ec8fa7d689a","user_id":20934293,"start_at":1726753318,"last_check_ts":1726942555,"last_check_ymd":20240922,"next_check_ts":1727020800,"check_counter":4,"today_points":3000,"today_game":4,"diff":1}}}
2024-09-22 09:15:54 - 200 - {"status":0,"message":"","data":{"round_id":"527bbd3b-a1c8-4c87-818a-043f2cc8093f","user_id":20934293,"start_at":1726971356,"end_at":1726971386}}
2024-09-22 09:16:24 - 200 - {"status":0,"message":"","data":{"round_id":"527bbd3b-a1c8-4c87-818a-043f2cc8093f","user_id":20934293,"start_at":1726971356,"end_at":1726971386,"points":493}}
2024-09-22 09:16:25 - 200 - {"status":0,"message":"","data":{"round_id":"06451664-9b56-4078-b4e8-5d4b04c1b4d3","user_id":20934293,"start_at":1726971386,"end_at":1726971416}}
2024-09-22 09:16:55 - 200 - {"status":0,"message":"","data":{"round_id":"06451664-9b56-4078-b4e8-5d4b04c1b4d3","user_id":20934293,"start_at":1726971386,"end_at":1726971416,"points":492}}
2024-09-22 09:16:55 - 200 - {"status":0,"message":"","data":{"round_id":"fb973c63-c28b-44f4-93bd-8883302f0327","user_id":20934293,"start_at":1726971416,"end_at":1726971446}}
2024-09-22 09:17:25 - 200 - {"status":0,"message":"","data":{"round_id":"fb973c63-c28b-44f4-93bd-8883302f0327","user_id":20934293,"start_at":1726971416,"end_at":1726971446,"points":493}}
2024-09-22 09:17:25 - 200 - {"status":0,"message":"","data":{"round_id":"990208f4-9956-4d34-a9b6-9212b8f9f0fc","user_id":20934293,"start_at":1726971447,"end_at":1726971477}}
2024-09-22 09:17:55 - 200 - {"status":0,"message":"","data":{"round_id":"990208f4-9956-4d34-a9b6-9212b8f9f0fc","user_id":20934293,"start_at":1726971447,"end_at":1726971477,"points":495}}
2024-09-22 09:17:55 - 200 - {"status":0,"message":"","data":{"round_id":"07eaa39b-fdf1-491a-acd4-7ec37f7bf6cf","user_id":20934293,"start_at":1726971477,"end_at":1726971507}}
2024-09-22 09:18:26 - 200 - {"status":0,"message":"","data":{"round_id":"07eaa39b-fdf1-491a-acd4-7ec37f7bf6cf","user_id":20934293,"start_at":1726971477,"end_at":1726971507,"points":496}}
2024-09-22 09:18:26 - 200 - {"status":0,"message":"","data":{"round_id":"080877ec-3674-4825-8666-58a95d4a1fda","user_id":20934293,"start_at":1726971507,"end_at":1726971537}}
2024-09-22 09:18:56 - 200 - {"status":0,"message":"","data":{"round_id":"080877ec-3674-4825-8666-58a95d4a1fda","user_id":20934293,"start_at":1726971507,"end_at":1726971537,"points":493}}
2024-09-22 09:18:56 - 200 - {"status":0,"message":"","data":{"round_id":"6b890267-db2f-455f-8fdd-53b679283e6c","user_id":20934293,"start_at":1726971538,"end_at":1726971568}}
2024-09-22 09:19:26 - 200 - {"status":0,"message":"","data":{"round_id":"6b890267-db2f-455f-8fdd-53b679283e6c","user_id":20934293,"start_at":1726971538,"end_at":1726971568,"points":493}}
2024-09-22 09:19:26 - 200 - {"status":0,"message":"","data":{"round_id":"75822265-17b3-4c06-9cb7-64c85ce880d5","user_id":20934293,"start_at":1726971568,"end_at":1726971598}}
2024-09-22 09:19:56 - 200 - {"status":0,"message":"","data":{"round_id":"75822265-17b3-4c06-9cb7-64c85ce880d5","user_id":20934293,"start_at":1726971568,"end_at":1726971598,"points":492}}
2024-09-22 09:19:57 - 200 - {"status":0,"message":"","data":{"round_id":"e4dc5b3e-69b2-4332-a910-05e4cc207de7","user_id":20934293,"start_at":1726971598,"end_at":1726971628}}
2024-09-22 09:20:27 - 200 - {"status":0,"message":"","data":{"round_id":"e4dc5b3e-69b2-4332-a910-05e4cc207de7","user_id":20934293,"start_at":1726971598,"end_at":1726971628,"points":497}}
2024-09-22 09:20:27 - 200 - {"status":0,"message":"","data":{"available_balance":"87148.20","play_passes":0,"timestamp":1726971629,"farming":{"game_id":"53b22103-c7ff-413d-bc63-20f6fb806a07","round_id":"b2962f92-323b-4a72-a014-0e422a91a3b0","user_id":20934293,"start_at":1726971356,"end_at":1726982156,"last_claim":1726971356,"points":0},"daily":{"round_id":"07c4e0d4-428e-4a3c-a3ed-3ec8fa7d689a","user_id":20934293,"start_at":1726753318,"last_check_ts":1726942555,"last_check_ymd":20240922,"next_check_ts":1727020800,"check_counter":4,"today_points":3000,"today_game":4,"diff":1}}}
2024-09-22 12:12:44 - 200 - {"status":0,"message":"","data":{"available_balance":"87148.20","play_passes":0,"timestamp":1726981966,"farming":{"game_id":"53b22103-c7ff-413d-bc63-20f6fb806a07","round_id":"b2962f92-323b-4a72-a014-0e422a91a3b0","user_id":20934293,"start_at":1726971356,"end_at":1726982156,"last_claim":1726971356,"points":0},"daily":{"round_id":"07c4e0d4-428e-4a3c-a3ed-3ec8fa7d689a","user_id":20934293,"start_at":1726753318,"last_check_ts":1726942555,"last_check_ymd":20240922,"next_check_ts":1727020800,"check_counter":4,"today_points":3000,"today_game":4,"diff":1}}}
2024-09-22 12:17:02 - 200 - {"status":0,"message":"","data":{"available_balance":87148.2,"play_passes":0,"timestamp":1726982224,"farming":{"game_id":"53b22103-c7ff-413d-bc63-20f6fb806a07","round_id":"b2962f92-323b-4a72-a014-0e422a91a3b0","user_id":20934293,"start_at":1726971356,"end_at":1726982156,"last_claim":1726971356,"points":0},"daily":{"round_id":"07c4e0d4-428e-4a3c-a3ed-3ec8fa7d689a","user_id":20934293,"start_at":1726753318,"last_check_ts":1726942555,"last_check_ymd":20240922,"next_check_ts":1727020800,"check_counter":4,"today_points":3000,"today_game":4,"diff":1}}}
2024-09-22 12:17:02 - 200 - {"status":0,"message":"","data":{"game_id":"53b22103-c7ff-413d-bc63-20f6fb806a07","round_id":"b2962f92-323b-4a72-a014-0e422a91a3b0","user_id":20934293,"start_at":1726971356,"end_at":1726982156,"last_claim":1726982224,"points":"1080.00","finished":true,"claim_this_time":"1080.00"}}
2024-09-22 12:17:02 - 200 - {"status":0,"message":"","data":{"available_balance":"88228.20","play_passes":0,"timestamp":1726982224,"daily":{"round_id":"07c4e0d4-428e-4a3c-a3ed-3ec8fa7d689a","user_id":20934293,"start_at":1726753318,"last_check_ts":1726942555,"last_check_ymd":20240922,"next_check_ts":1727020800,"check_counter":4,"today_points":3000,"today_game":4,"diff":1}}}
2024-09-22 12:17:03 - 200 - {"status":0,"message":"","data":{"game_id":"53b22103-c7ff-413d-bc63-20f6fb806a07","round_id":"6d3e5f04-5d3a-4d7b-89ce-5a6f6fe3870e","user_id":20934293,"start_at":1726982225,"end_at":1726993025,"last_claim":1726982225,"points":0}}
2024-09-22 12:17:03 - 200 - {"status":0,"message":"","data":{"available_balance":88228.2,"play_passes":0,"timestamp":1726982225,"farming":{"game_id":"53b22103-c7ff-413d-bc63-20f6fb806a07","round_id":"6d3e5f04-5d3a-4d7b-89ce-5a6f6fe3870e","user_id":20934293,"start_at":1726982225,"end_at":1726993025,"last_claim":1726982225,"points":0},"daily":{"round_id":"07c4e0d4-428e-4a3c-a3ed-3ec8fa7d689a","user_id":20934293,"start_at":1726753318,"last_check_ts":1726942555,"last_check_ymd":20240922,"next_check_ts":1727020800,"check_counter":4,"today_points":3000,"today_game":4,"diff":1}}}
2024-09-22 22:05:26 - 200 - {"status":0,"message":"","data":{"available_balance":"88228.20","play_passes":0,"timestamp":1727017527,"farming":{"game_id":"53b22103-c7ff-413d-bc63-20f6fb806a07","round_id":"6d3e5f04-5d3a-4d7b-89ce-5a6f6fe3870e","user_id":20934293,"start_at":1726982225,"end_at":1726993025,"last_claim":1726982225,"points":0},"daily":{"round_id":"07c4e0d4-428e-4a3c-a3ed-3ec8fa7d689a","user_id":20934293,"start_at":1726753318,"last_check_ts":1726942555,"last_check_ymd":20240922,"next_check_ts":1727020800,"check_counter":4,"today_points":3000,"today_game":4,"diff":1}}}
2024-09-22 22:05:27 - 200 - {"status":0,"message":"","data":{"game_id":"53b22103-c7ff-413d-bc63-20f6fb806a07","round_id":"6d3e5f04-5d3a-4d7b-89ce-5a6f6fe3870e","user_id":20934293,"start_at":1726982225,"end_at":1726993025,"last_claim":1727017527,"points":"1080.00","finished":true,"claim_this_time":"1080.00"}}
2024-09-22 22:05:27 - 200 - {"status":0,"message":"","data":{"available_balance":"89308.20","play_passes":0,"timestamp":1727017527,"daily":{"round_id":"07c4e0d4-428e-4a3c-a3ed-3ec8fa7d689a","user_id":20934293,"start_at":1726753318,"last_check_ts":1726942555,"last_check_ymd":20240922,"next_check_ts":1727020800,"check_counter":4,"today_points":3000,"today_game":4,"diff":1}}}
2024-09-22 22:05:27 - 200 - {"status":0,"message":"","data":{"game_id":"53b22103-c7ff-413d-bc63-20f6fb806a07","round_id":"6fa00d7b-a596-4058-8100-0c712fef1a93","user_id":20934293,"start_at":1727017528,"end_at":1727028328,"last_claim":1727017528,"points":0}}
2024-09-22 22:05:28 - 200 - {"status":0,"message":"","data":{"available_balance":89308.2,"play_passes":0,"timestamp":1727017528,"farming":{"game_id":"53b22103-c7ff-413d-bc63-20f6fb806a07","round_id":"6fa00d7b-a596-4058-8100-0c712fef1a93","user_id":20934293,"start_at":1727017528,"end_at":1727028328,"last_claim":1727017528,"points":0},"daily":{"round_id":"07c4e0d4-428e-4a3c-a3ed-3ec8fa7d689a","user_id":20934293,"start_at":1726753318,"last_check_ts":1726942555,"last_check_ymd":20240922,"next_check_ts":1727020800,"check_counter":4,"today_points":3000,"today_game":4,"diff":1}}}
2024-09-23 01:07:21 - 200 - {"status":0,"message":"","data":{"available_balance":"89308.20","play_passes":0,"timestamp":1727028441,"farming":{"game_id":"53b22103-c7ff-413d-bc63-20f6fb806a07","round_id":"6fa00d7b-a596-4058-8100-0c712fef1a93","user_id":20934293,"start_at":1727017528,"end_at":1727028328,"last_claim":1727017528,"points":0},"daily":{"round_id":"07c4e0d4-428e-4a3c-a3ed-3ec8fa7d689a","user_id":20934293,"start_at":1726753318,"last_check_ts":1726942555,"last_check_ymd":20240922,"next_check_ts":1727020800,"check_counter":4,"today_points":3000,"today_game":4,"diff":1}}}
2024-09-23 01:07:21 - 200 - {"status":400,"message":"already_check","data":{"round_id":"07c4e0d4-428e-4a3c-a3ed-3ec8fa7d689a","user_id":20934293,"start_at":1726753318,"last_check_ts":1726942555,"last_check_ymd":20240922,"next_check_ts":1727020800,"check_counter":4,"today_points":3000,"today_game":4,"diff":1}}
2024-09-23 01:07:21 - 200 - {"status":0,"message":"","data":{"game_id":"53b22103-c7ff-413d-bc63-20f6fb806a07","round_id":"6fa00d7b-a596-4058-8100-0c712fef1a93","user_id":20934293,"start_at":1727017528,"end_at":1727028328,"last_claim":1727028442,"points":"1080.00","finished":true,"claim_this_time":"1080.00"}}
2024-09-23 01:07:21 - 200 - {"status":0,"message":"","data":{"available_balance":"90388.20","play_passes":0,"timestamp":1727028442,"daily":{"round_id":"07c4e0d4-428e-4a3c-a3ed-3ec8fa7d689a","user_id":20934293,"start_at":1726753318,"last_check_ts":1726942555,"last_check_ymd":20240922,"next_check_ts":1727020800,"check_counter":4,"today_points":3000,"today_game":4,"diff":1}}}
2024-09-23 01:07:21 - 200 - {"status":400,"message":"already_check","data":{"round_id":"07c4e0d4-428e-4a3c-a3ed-3ec8fa7d689a","user_id":20934293,"start_at":1726753318,"last_check_ts":1726942555,"last_check_ymd":20240922,"next_check_ts":1727020800,"check_counter":4,"today_points":3000,"today_game":4,"diff":1}}
2024-09-23 01:07:22 - 200 - {"status":0,"message":"","data":{"game_id":"53b22103-c7ff-413d-bc63-20f6fb806a07","round_id":"174cc51f-39d7-49e7-864e-a086a801a0ab","user_id":20934293,"start_at":1727028442,"end_at":1727039242,"last_claim":1727028442,"points":0}}
2024-09-23 01:07:22 - 200 - {"status":0,"message":"","data":{"available_balance":90388.2,"play_passes":0,"timestamp":1727028442,"farming":{"game_id":"53b22103-c7ff-413d-bc63-20f6fb806a07","round_id":"174cc51f-39d7-49e7-864e-a086a801a0ab","user_id":20934293,"start_at":1727028442,"end_at":1727039242,"last_claim":1727028442,"points":0},"daily":{"round_id":"07c4e0d4-428e-4a3c-a3ed-3ec8fa7d689a","user_id":20934293,"start_at":1726753318,"last_check_ts":1726942555,"last_check_ymd":20240922,"next_check_ts":1727020800,"check_counter":4,"today_points":3000,"today_game":4,"diff":1}}}
2024-09-23 01:07:22 - 200 - {"status":400,"message":"already_check","data":{"round_id":"07c4e0d4-428e-4a3c-a3ed-3ec8fa7d689a","user_id":20934293,"start_at":1726753318,"last_check_ts":1726942555,"last_check_ymd":20240922,"next_check_ts":1727020800,"check_counter":4,"today_points":3000,"today_game":4,"diff":1}}
2024-09-23 04:40:34 - 200 - {"status":0,"message":"","data":{"available_balance":"90388.20","play_passes":0,"timestamp":1727041234,"farming":{"game_id":"53b22103-c7ff-413d-bc63-20f6fb806a07","round_id":"174cc51f-39d7-49e7-864e-a086a801a0ab","user_id":20934293,"start_at":1727028442,"end_at":1727039242,"last_claim":1727028442,"points":0},"daily":{"round_id":"07c4e0d4-428e-4a3c-a3ed-3ec8fa7d689a","user_id":20934293,"start_at":1726753318,"last_check_ts":1726942555,"last_check_ymd":20240922,"next_check_ts":1727020800,"check_counter":4,"today_points":3000,"today_game":4,"diff":1}}}
2024-09-23 04:40:34 - 200 - {"status":400,"message":"already_check","data":{"round_id":"07c4e0d4-428e-4a3c-a3ed-3ec8fa7d689a","user_id":20934293,"start_at":1726753318,"last_check_ts":1726942555,"last_check_ymd":20240922,"next_check_ts":1727020800,"check_counter":4,"today_points":3000,"today_game":4,"diff":1}}
2024-09-23 04:40:34 - 200 - {"status":0,"message":"","data":{"game_id":"53b22103-c7ff-413d-bc63-20f6fb806a07","round_id":"174cc51f-39d7-49e7-864e-a086a801a0ab","user_id":20934293,"start_at":1727028442,"end_at":1727039242,"last_claim":1727041235,"points":"1080.00","finished":true,"claim_this_time":"1080.00"}}
2024-09-23 04:40:34 - 200 - {"status":0,"message":"","data":{"available_balance":"91468.20","play_passes":0,"timestamp":1727041235,"daily":{"round_id":"07c4e0d4-428e-4a3c-a3ed-3ec8fa7d689a","user_id":20934293,"start_at":1726753318,"last_check_ts":1726942555,"last_check_ymd":20240922,"next_check_ts":1727020800,"check_counter":4,"today_points":3000,"today_game":4,"diff":1}}}
2024-09-23 04:40:35 - 200 - {"status":400,"message":"already_check","data":{"round_id":"07c4e0d4-428e-4a3c-a3ed-3ec8fa7d689a","user_id":20934293,"start_at":1726753318,"last_check_ts":1726942555,"last_check_ymd":20240922,"next_check_ts":1727020800,"check_counter":4,"today_points":3000,"today_game":4,"diff":1}}
2024-09-23 04:40:35 - 200 - {"status":0,"message":"","data":{"game_id":"53b22103-c7ff-413d-bc63-20f6fb806a07","round_id":"04e032de-aaca-46f7-9cc9-31ef425d1534","user_id":20934293,"start_at":1727041235,"end_at":1727052035,"last_claim":1727041235,"points":0}}
2024-09-23 04:40:35 - 200 - {"status":0,"message":"","data":{"available_balance":91468.2,"play_passes":0,"timestamp":1727041235,"farming":{"game_id":"53b22103-c7ff-413d-bc63-20f6fb806a07","round_id":"04e032de-aaca-46f7-9cc9-31ef425d1534","user_id":20934293,"start_at":1727041235,"end_at":1727052035,"last_claim":1727041235,"points":0},"daily":{"round_id":"07c4e0d4-428e-4a3c-a3ed-3ec8fa7d689a","user_id":20934293,"start_at":1726753318,"last_check_ts":1726942555,"last_check_ymd":20240922,"next_check_ts":1727020800,"check_counter":4,"today_points":3000,"today_game":4,"diff":1}}}
2024-09-23 04:40:35 - 200 - {"status":400,"message":"already_check","data":{"round_id":"07c4e0d4-428e-4a3c-a3ed-3ec8fa7d689a","user_id":20934293,"start_at":1726753318,"last_check_ts":1726942555,"last_check_ymd":20240922,"next_check_ts":1727020800,"check_counter":4,"today_points":3000,"today_game":4,"diff":1}}
2024-09-23 07:42:33 - 200 - {"status":0,"message":"","data":{"available_balance":"91468.20","play_passes":5,"timestamp":1727052154,"farming":{"game_id":"53b22103-c7ff-413d-bc63-20f6fb806a07","round_id":"04e032de-aaca-46f7-9cc9-31ef425d1534","user_id":20934293,"start_at":1727041235,"end_at":1727052035,"last_claim":1727041235,"points":0},"daily":{"round_id":"07c4e0d4-428e-4a3c-a3ed-3ec8fa7d689a","user_id":20934293,"start_at":1726753318,"last_check_ts":1726942555,"last_check_ymd":20240922,"next_check_ts":1727020800,"check_counter":4,"today_points":3000,"today_game":4,"diff":1}}}
2024-09-23 07:42:33 - 200 - {"status":0,"message":"","data":{"round_id":"07c4e0d4-428e-4a3c-a3ed-3ec8fa7d689a","user_id":20934293,"start_at":1726753318,"last_check_ts":1727023354,"last_check_ymd":20240923,"next_check_ts":1727107200,"check_counter":5,"today_points":8000,"today_game":5,"diff":1}}
2024-09-23 07:42:33 - 200 - {"status":0,"message":"","data":{"game_id":"53b22103-c7ff-413d-bc63-20f6fb806a07","round_id":"04e032de-aaca-46f7-9cc9-31ef425d1534","user_id":20934293,"start_at":1727041235,"end_at":1727052035,"last_claim":1727052154,"points":"1080.00","finished":true,"claim_this_time":"1080.00"}}
2024-09-23 07:42:34 - 200 - {"status":0,"message":"","data":{"available_balance":"100548.20","play_passes":10,"timestamp":1727052154,"daily":{"round_id":"07c4e0d4-428e-4a3c-a3ed-3ec8fa7d689a","user_id":20934293,"start_at":1726753318,"last_check_ts":1727023354,"last_check_ymd":20240923,"next_check_ts":1727107200,"check_counter":5,"today_points":8000,"today_game":5,"diff":1}}}
2024-09-23 07:42:34 - 200 - {"status":0,"message":"","data":{"game_id":"53b22103-c7ff-413d-bc63-20f6fb806a07","round_id":"54553d1c-20d6-4b15-bb09-d52e3c7a2244","user_id":20934293,"start_at":1727052154,"end_at":1727062954,"last_claim":1727052154,"points":0}}
2024-09-23 07:42:34 - 200 - {"status":0,"message":"","data":{"available_balance":100548.2,"play_passes":10,"timestamp":1727052155,"farming":{"game_id":"53b22103-c7ff-413d-bc63-20f6fb806a07","round_id":"54553d1c-20d6-4b15-bb09-d52e3c7a2244","user_id":20934293,"start_at":1727052154,"end_at":1727062954,"last_claim":1727052154,"points":0},"daily":{"round_id":"07c4e0d4-428e-4a3c-a3ed-3ec8fa7d689a","user_id":20934293,"start_at":1726753318,"last_check_ts":1727023354,"last_check_ymd":20240923,"next_check_ts":1727107200,"check_counter":5,"today_points":8000,"today_game":5,"diff":1}}}
2024-09-23 07:42:34 - 200 - {"status":0,"message":"","data":{"round_id":"ea3ddf78-66d8-4c59-93fb-0807efc91386","user_id":20934293,"start_at":1727052155,"end_at":1727052185}}
2024-09-23 07:43:04 - 200 - {"status":0,"message":"","data":{"round_id":"ea3ddf78-66d8-4c59-93fb-0807efc91386","user_id":20934293,"start_at":1727052155,"end_at":1727052185,"points":495}}
2024-09-23 07:43:04 - 200 - {"status":0,"message":"","data":{"round_id":"2b9d1cc0-519f-4d49-8963-8aca6879780b","user_id":20934293,"start_at":1727052185,"end_at":1727052215}}
2024-09-23 07:43:34 - 200 - {"status":0,"message":"","data":{"round_id":"2b9d1cc0-519f-4d49-8963-8aca6879780b","user_id":20934293,"start_at":1727052185,"end_at":1727052215,"points":495}}
2024-09-23 07:43:35 - 200 - {"status":0,"message":"","data":{"round_id":"04ce8de8-eeeb-4894-835b-c2f4dd60d329","user_id":20934293,"start_at":1727052215,"end_at":1727052245}}
2024-09-23 07:44:05 - 200 - {"status":0,"message":"","data":{"round_id":"04ce8de8-eeeb-4894-835b-c2f4dd60d329","user_id":20934293,"start_at":1727052215,"end_at":1727052245,"points":490}}
2024-09-23 07:44:05 - 200 - {"status":0,"message":"","data":{"round_id":"6866fe7f-1d52-40d6-be86-9b61b5b706c7","user_id":20934293,"start_at":1727052245,"end_at":1727052275}}
2024-09-23 07:44:35 - 200 - {"status":0,"message":"","data":{"round_id":"6866fe7f-1d52-40d6-be86-9b61b5b706c7","user_id":20934293,"start_at":1727052245,"end_at":1727052275,"points":498}}
2024-09-23 07:44:35 - 200 - {"status":0,"message":"","data":{"round_id":"dba6e31c-c79f-4d39-a10a-e947c33e2d4c","user_id":20934293,"start_at":1727052276,"end_at":1727052306}}
2024-09-23 07:45:05 - 200 - {"status":0,"message":"","data":{"round_id":"dba6e31c-c79f-4d39-a10a-e947c33e2d4c","user_id":20934293,"start_at":1727052276,"end_at":1727052306,"points":491}}
2024-09-23 07:45:05 - 200 - {"status":0,"message":"","data":{"round_id":"647159f3-142a-42c7-a27d-f0921d3de425","user_id":20934293,"start_at":1727052306,"end_at":1727052336}}
2024-09-23 07:45:36 - 200 - {"status":0,"message":"","data":{"round_id":"647159f3-142a-42c7-a27d-f0921d3de425","user_id":20934293,"start_at":1727052306,"end_at":1727052336,"points":499}}
2024-09-23 07:45:36 - 200 - {"status":0,"message":"","data":{"round_id":"0b010f2b-1c4b-4fe9-b609-c4022df81260","user_id":20934293,"start_at":1727052336,"end_at":1727052366}}
2024-09-23 07:46:06 - 200 - {"status":0,"message":"","data":{"round_id":"0b010f2b-1c4b-4fe9-b609-c4022df81260","user_id":20934293,"start_at":1727052336,"end_at":1727052366,"points":496}}
2024-09-23 07:46:06 - 200 - {"status":0,"message":"","data":{"round_id":"1c0a589a-ac97-41e6-a09a-35c29333c591","user_id":20934293,"start_at":1727052367,"end_at":1727052397}}
2024-09-23 07:46:36 - 200 - {"status":0,"message":"","data":{"round_id":"1c0a589a-ac97-41e6-a09a-35c29333c591","user_id":20934293,"start_at":1727052367,"end_at":1727052397,"points":500}}
2024-09-23 07:46:36 - 200 - {"status":0,"message":"","data":{"round_id":"a63ac107-cd67-4486-a1ff-54de96bb4d13","user_id":20934293,"start_at":1727052397,"end_at":1727052427}}
2024-09-23 07:47:06 - 200 - {"status":0,"message":"","data":{"round_id":"a63ac107-cd67-4486-a1ff-54de96bb4d13","user_id":20934293,"start_at":1727052397,"end_at":1727052427,"points":495}}
2024-09-23 07:47:07 - 200 - {"status":0,"message":"","data":{"round_id":"0a8479e1-0b65-497a-8b26-8391c8a1bcba","user_id":20934293,"start_at":1727052427,"end_at":1727052457}}
2024-09-23 07:47:37 - 200 - {"status":0,"message":"","data":{"round_id":"0a8479e1-0b65-497a-8b26-8391c8a1bcba","user_id":20934293,"start_at":1727052427,"end_at":1727052457,"points":499}}
2024-09-23 07:47:37 - 200 - {"status":0,"message":"","data":{"available_balance":"105506.20","play_passes":0,"timestamp":1727052457,"farming":{"game_id":"53b22103-c7ff-413d-bc63-20f6fb806a07","round_id":"54553d1c-20d6-4b15-bb09-d52e3c7a2244","user_id":20934293,"start_at":1727052154,"end_at":1727062954,"last_claim":1727052154,"points":0},"daily":{"round_id":"07c4e0d4-428e-4a3c-a3ed-3ec8fa7d689a","user_id":20934293,"start_at":1726753318,"last_check_ts":1727023354,"last_check_ymd":20240923,"next_check_ts":1727107200,"check_counter":5,"today_points":8000,"today_game":5,"diff":1}}}
2024-09-23 10:38:46 - 200 - {"status":0,"message":"","data":{"available_balance":"105506.20","play_passes":0,"timestamp":1727062727,"farming":{"game_id":"53b22103-c7ff-413d-bc63-20f6fb806a07","round_id":"54553d1c-20d6-4b15-bb09-d52e3c7a2244","user_id":20934293,"start_at":1727052154,"end_at":1727062954,"last_claim":1727052154,"points":0},"daily":{"round_id":"07c4e0d4-428e-4a3c-a3ed-3ec8fa7d689a","user_id":20934293,"start_at":1726753318,"last_check_ts":1727023354,"last_check_ymd":20240923,"next_check_ts":1727107200,"check_counter":5,"today_points":8000,"today_game":5,"diff":1}}}
2024-09-23 10:44:00 - 200 - {"status":0,"message":"","data":{"available_balance":105506.2,"play_passes":0,"timestamp":1727063041,"farming":{"game_id":"53b22103-c7ff-413d-bc63-20f6fb806a07","round_id":"54553d1c-20d6-4b15-bb09-d52e3c7a2244","user_id":20934293,"start_at":1727052154,"end_at":1727062954,"last_claim":1727052154,"points":0},"daily":{"round_id":"07c4e0d4-428e-4a3c-a3ed-3ec8fa7d689a","user_id":20934293,"start_at":1726753318,"last_check_ts":1727023354,"last_check_ymd":20240923,"next_check_ts":1727107200,"check_counter":5,"today_points":8000,"today_game":5,"diff":1}}}
2024-09-23 10:44:00 - 200 - {"status":0,"message":"","data":{"game_id":"53b22103-c7ff-413d-bc63-20f6fb806a07","round_id":"54553d1c-20d6-4b15-bb09-d52e3c7a2244","user_id":20934293,"start_at":1727052154,"end_at":1727062954,"last_claim":1727063041,"points":"1080.00","finished":true,"claim_this_time":"1080.00"}}
2024-09-23 10:44:00 - 200 - {"status":0,"message":"","data":{"available_balance":"106586.20","play_passes":0,"timestamp":1727063041,"daily":{"round_id":"07c4e0d4-428e-4a3c-a3ed-3ec8fa7d689a","user_id":20934293,"start_at":1726753318,"last_check_ts":1727023354,"last_check_ymd":20240923,"next_check_ts":1727107200,"check_counter":5,"today_points":8000,"today_game":5,"diff":1}}}
2024-09-23 10:44:00 - 200 - {"status":0,"message":"","data":{"game_id":"53b22103-c7ff-413d-bc63-20f6fb806a07","round_id":"a662eba8-479a-4bd0-bbf6-88b832dfc28a","user_id":20934293,"start_at":1727063041,"end_at":1727073841,"last_claim":1727063041,"points":0}}
2024-09-23 10:44:00 - 200 - {"status":0,"message":"","data":{"available_balance":106586.2,"play_passes":0,"timestamp":1727063042,"farming":{"game_id":"53b22103-c7ff-413d-bc63-20f6fb806a07","round_id":"a662eba8-479a-4bd0-bbf6-88b832dfc28a","user_id":20934293,"start_at":1727063041,"end_at":1727073841,"last_claim":1727063041,"points":0},"daily":{"round_id":"07c4e0d4-428e-4a3c-a3ed-3ec8fa7d689a","user_id":20934293,"start_at":1726753318,"last_check_ts":1727023354,"last_check_ymd":20240923,"next_check_ts":1727107200,"check_counter":5,"today_points":8000,"today_game":5,"diff":1}}}
2024-09-23 13:45:11 - 200 - {"status":0,"message":"","data":{"available_balance":"106586.20","play_passes":0,"timestamp":1727073913,"farming":{"game_id":"53b22103-c7ff-413d-bc63-20f6fb806a07","round_id":"a662eba8-479a-4bd0-bbf6-88b832dfc28a","user_id":20934293,"start_at":1727063041,"end_at":1727073841,"last_claim":1727063041,"points":0},"daily":{"round_id":"07c4e0d4-428e-4a3c-a3ed-3ec8fa7d689a","user_id":20934293,"start_at":1726753318,"last_check_ts":1727023354,"last_check_ymd":20240923,"next_check_ts":1727107200,"check_counter":5,"today_points":8000,"today_game":5,"diff":1}}}
2024-09-23 13:45:12 - 200 - {"status":0,"message":"","data":{"game_id":"53b22103-c7ff-413d-bc63-20f6fb806a07","round_id":"a662eba8-479a-4bd0-bbf6-88b832dfc28a","user_id":20934293,"start_at":1727063041,"end_at":1727073841,"last_claim":1727073914,"points":"1080.00","finished":true,"claim_this_time":"1080.00"}}
2024-09-23 13:45:12 - 200 - {"status":0,"message":"","data":{"available_balance":"107666.20","play_passes":0,"timestamp":1727073914,"daily":{"round_id":"07c4e0d4-428e-4a3c-a3ed-3ec8fa7d689a","user_id":20934293,"start_at":1726753318,"last_check_ts":1727023354,"last_check_ymd":20240923,"next_check_ts":1727107200,"check_counter":5,"today_points":8000,"today_game":5,"diff":1}}}
2024-09-23 13:45:13 - 200 - {"status":0,"message":"","data":{"game_id":"53b22103-c7ff-413d-bc63-20f6fb806a07","round_id":"eb1d6127-70a2-4ade-a8f0-63a8b2bc8a77","user_id":20934293,"start_at":1727073914,"end_at":1727084714,"last_claim":1727073914,"points":0}}
2024-09-23 13:45:13 - 200 - {"status":0,"message":"","data":{"available_balance":107666.2,"play_passes":0,"timestamp":1727073914,"farming":{"game_id":"53b22103-c7ff-413d-bc63-20f6fb806a07","round_id":"eb1d6127-70a2-4ade-a8f0-63a8b2bc8a77","user_id":20934293,"start_at":1727073914,"end_at":1727084714,"last_claim":1727073914,"points":0},"daily":{"round_id":"07c4e0d4-428e-4a3c-a3ed-3ec8fa7d689a","user_id":20934293,"start_at":1726753318,"last_check_ts":1727023354,"last_check_ymd":20240923,"next_check_ts":1727107200,"check_counter":5,"today_points":8000,"today_game":5,"diff":1}}}
2024-09-23 16:46:22 - 200 - {"status":0,"message":"","data":{"available_balance":"107666.20","play_passes":0,"timestamp":1727084784,"farming":{"game_id":"53b22103-c7ff-413d-bc63-20f6fb806a07","round_id":"eb1d6127-70a2-4ade-a8f0-63a8b2bc8a77","user_id":20934293,"start_at":1727073914,"end_at":1727084714,"last_claim":1727073914,"points":0},"daily":{"round_id":"07c4e0d4-428e-4a3c-a3ed-3ec8fa7d689a","user_id":20934293,"start_at":1726753318,"last_check_ts":1727023354,"last_check_ymd":20240923,"next_check_ts":1727107200,"check_counter":5,"today_points":8000,"today_game":5,"diff":1}}}
2024-09-23 16:46:22 - 200 - {"status":0,"message":"","data":{"game_id":"53b22103-c7ff-413d-bc63-20f6fb806a07","round_id":"eb1d6127-70a2-4ade-a8f0-63a8b2bc8a77","user_id":20934293,"start_at":1727073914,"end_at":1727084714,"last_claim":1727084784,"points":"1080.00","finished":true,"claim_this_time":"1080.00"}}
2024-09-23 16:46:22 - 200 - {"status":0,"message":"","data":{"available_balance":"108746.20","play_passes":0,"timestamp":1727084784,"daily":{"round_id":"07c4e0d4-428e-4a3c-a3ed-3ec8fa7d689a","user_id":20934293,"start_at":1726753318,"last_check_ts":1727023354,"last_check_ymd":20240923,"next_check_ts":1727107200,"check_counter":5,"today_points":8000,"today_game":5,"diff":1}}}
2024-09-23 16:46:22 - 200 - {"status":0,"message":"","data":{"game_id":"53b22103-c7ff-413d-bc63-20f6fb806a07","round_id":"2d543f0b-a3da-4b55-8c3a-c64a8cb9a425","user_id":20934293,"start_at":1727084784,"end_at":1727095584,"last_claim":1727084784,"points":0}}
2024-09-23 16:46:23 - 200 - {"status":0,"message":"","data":{"available_balance":108746.2,"play_passes":0,"timestamp":1727084784,"farming":{"game_id":"53b22103-c7ff-413d-bc63-20f6fb806a07","round_id":"2d543f0b-a3da-4b55-8c3a-c64a8cb9a425","user_id":20934293,"start_at":1727084784,"end_at":1727095584,"last_claim":1727084784,"points":0},"daily":{"round_id":"07c4e0d4-428e-4a3c-a3ed-3ec8fa7d689a","user_id":20934293,"start_at":1726753318,"last_check_ts":1727023354,"last_check_ymd":20240923,"next_check_ts":1727107200,"check_counter":5,"today_points":8000,"today_game":5,"diff":1}}}
2024-09-23 22:05:41 - 200 - {"status":0,"message":"","data":{"available_balance":"108746.20","play_passes":0,"timestamp":1727103940,"farming":{"game_id":"53b22103-c7ff-413d-bc63-20f6fb806a07","round_id":"2d543f0b-a3da-4b55-8c3a-c64a8cb9a425","user_id":20934293,"start_at":1727084784,"end_at":1727095584,"last_claim":1727084784,"points":0},"daily":{"round_id":"07c4e0d4-428e-4a3c-a3ed-3ec8fa7d689a","user_id":20934293,"start_at":1726753318,"last_check_ts":1727023354,"last_check_ymd":20240923,"next_check_ts":1727107200,"check_counter":5,"today_points":8000,"today_game":5,"diff":1}}}
2024-09-23 22:05:41 - 200 - {"status":0,"message":"","data":{"game_id":"53b22103-c7ff-413d-bc63-20f6fb806a07","round_id":"2d543f0b-a3da-4b55-8c3a-c64a8cb9a425","user_id":20934293,"start_at":1727084784,"end_at":1727095584,"last_claim":1727103940,"points":"1080.00","finished":true,"claim_this_time":"1080.00"}}
2024-09-23 22:05:41 - 200 - {"status":0,"message":"","data":{"available_balance":"109826.20","play_passes":0,"timestamp":1727103940,"daily":{"round_id":"07c4e0d4-428e-4a3c-a3ed-3ec8fa7d689a","user_id":20934293,"start_at":1726753318,"last_check_ts":1727023354,"last_check_ymd":20240923,"next_check_ts":1727107200,"check_counter":5,"today_points":8000,"today_game":5,"diff":1}}}
2024-09-23 22:05:41 - 200 - {"status":0,"message":"","data":{"game_id":"53b22103-c7ff-413d-bc63-20f6fb806a07","round_id":"e28d28eb-0b04-4d73-9a72-a720133c3c51","user_id":20934293,"start_at":1727103941,"end_at":1727114741,"last_claim":1727103941,"points":0}}
2024-09-23 22:05:41 - 200 - {"status":0,"message":"","data":{"available_balance":109826.2,"play_passes":0,"timestamp":1727103941,"farming":{"game_id":"53b22103-c7ff-413d-bc63-20f6fb806a07","round_id":"e28d28eb-0b04-4d73-9a72-a720133c3c51","user_id":20934293,"start_at":1727103941,"end_at":1727114741,"last_claim":1727103941,"points":0},"daily":{"round_id":"07c4e0d4-428e-4a3c-a3ed-3ec8fa7d689a","user_id":20934293,"start_at":1726753318,"last_check_ts":1727023354,"last_check_ymd":20240923,"next_check_ts":1727107200,"check_counter":5,"today_points":8000,"today_game":5,"diff":1}}}
2024-09-24 01:37:08 - 200 - {"status":0,"message":"","data":{"available_balance":"109826.20","play_passes":0,"timestamp":1727116628,"farming":{"game_id":"53b22103-c7ff-413d-bc63-20f6fb806a07","round_id":"e28d28eb-0b04-4d73-9a72-a720133c3c51","user_id":20934293,"start_at":1727103941,"end_at":1727114741,"last_claim":1727103941,"points":0},"daily":{"round_id":"07c4e0d4-428e-4a3c-a3ed-3ec8fa7d689a","user_id":20934293,"start_at":1726753318,"last_check_ts":1727023354,"last_check_ymd":20240923,"next_check_ts":1727107200,"check_counter":5,"today_points":8000,"today_game":5,"diff":1}}}
2024-09-24 01:37:08 - 200 - {"status":400,"message":"already_check","data":{"round_id":"07c4e0d4-428e-4a3c-a3ed-3ec8fa7d689a","user_id":20934293,"start_at":1726753318,"last_check_ts":1727023354,"last_check_ymd":20240923,"next_check_ts":1727107200,"check_counter":5,"today_points":8000,"today_game":5,"diff":1}}
2024-09-24 01:37:09 - 200 - {"status":0,"message":"","data":{"game_id":"53b22103-c7ff-413d-bc63-20f6fb806a07","round_id":"e28d28eb-0b04-4d73-9a72-a720133c3c51","user_id":20934293,"start_at":1727103941,"end_at":1727114741,"last_claim":1727116628,"points":"1080.00","finished":true,"claim_this_time":"1080.00"}}
2024-09-24 01:37:09 - 200 - {"status":0,"message":"","data":{"available_balance":"110906.20","play_passes":0,"timestamp":1727116628,"daily":{"round_id":"07c4e0d4-428e-4a3c-a3ed-3ec8fa7d689a","user_id":20934293,"start_at":1726753318,"last_check_ts":1727023354,"last_check_ymd":20240923,"next_check_ts":1727107200,"check_counter":5,"today_points":8000,"today_game":5,"diff":1}}}
2024-09-24 01:37:09 - 200 - {"status":400,"message":"already_check","data":{"round_id":"07c4e0d4-428e-4a3c-a3ed-3ec8fa7d689a","user_id":20934293,"start_at":1726753318,"last_check_ts":1727023354,"last_check_ymd":20240923,"next_check_ts":1727107200,"check_counter":5,"today_points":8000,"today_game":5,"diff":1}}
2024-09-24 01:37:09 - 200 - {"status":0,"message":"","data":{"game_id":"53b22103-c7ff-413d-bc63-20f6fb806a07","round_id":"e622dcc3-54d1-4ccc-939c-101a59400f4d","user_id":20934293,"start_at":1727116629,"end_at":1727127429,"last_claim":1727116629,"points":0}}
2024-09-24 01:37:09 - 200 - {"status":0,"message":"","data":{"available_balance":110906.2,"play_passes":0,"timestamp":1727116629,"farming":{"game_id":"53b22103-c7ff-413d-bc63-20f6fb806a07","round_id":"e622dcc3-54d1-4ccc-939c-101a59400f4d","user_id":20934293,"start_at":1727116629,"end_at":1727127429,"last_claim":1727116629,"points":0},"daily":{"round_id":"07c4e0d4-428e-4a3c-a3ed-3ec8fa7d689a","user_id":20934293,"start_at":1726753318,"last_check_ts":1727023354,"last_check_ymd":20240923,"next_check_ts":1727107200,"check_counter":5,"today_points":8000,"today_game":5,"diff":1}}}
2024-09-24 01:37:09 - 200 - {"status":400,"message":"already_check","data":{"round_id":"07c4e0d4-428e-4a3c-a3ed-3ec8fa7d689a","user_id":20934293,"start_at":1726753318,"last_check_ts":1727023354,"last_check_ymd":20240923,"next_check_ts":1727107200,"check_counter":5,"today_points":8000,"today_game":5,"diff":1}}
2024-09-24 17:56:47 - 200 - {"status":0,"message":"","data":{"available_balance":"129584.20","play_passes":0,"timestamp":1727175406,"farming":{"game_id":"53b22103-c7ff-413d-bc63-20f6fb806a07","round_id":"cb06b4e2-1246-44d1-be4b-78288d8c56ca","user_id":20934293,"start_at":1727153672,"end_at":1727164472,"last_claim":1727153672,"points":0},"daily":{"round_id":"07c4e0d4-428e-4a3c-a3ed-3ec8fa7d689a","user_id":20934293,"start_at":1726753318,"last_check_ts":1727111725,"last_check_ymd":20240924,"next_check_ts":1727193600,"check_counter":6,"today_points":10000,"today_game":6,"diff":1}}}
2024-09-24 17:56:47 - 200 - {"status":0,"message":"","data":{"game_id":"53b22103-c7ff-413d-bc63-20f6fb806a07","round_id":"cb06b4e2-1246-44d1-be4b-78288d8c56ca","user_id":20934293,"start_at":1727153672,"end_at":1727164472,"last_claim":1727175406,"points":"1080.00","finished":true,"claim_this_time":"1080.00"}}
2024-09-24 17:56:47 - 200 - {"status":0,"message":"","data":{"available_balance":"130664.20","play_passes":0,"timestamp":1727175406,"daily":{"round_id":"07c4e0d4-428e-4a3c-a3ed-3ec8fa7d689a","user_id":20934293,"start_at":1726753318,"last_check_ts":1727111725,"last_check_ymd":20240924,"next_check_ts":1727193600,"check_counter":6,"today_points":10000,"today_game":6,"diff":1}}}
2024-09-24 17:56:48 - 200 - {"status":0,"message":"","data":{"game_id":"53b22103-c7ff-413d-bc63-20f6fb806a07","round_id":"5786e852-049e-4ad2-a547-cd95b86b6dde","user_id":20934293,"start_at":1727175406,"end_at":1727186206,"last_claim":1727175406,"points":0}}
2024-09-24 17:56:48 - 200 - {"status":0,"message":"","data":{"available_balance":130664.2,"play_passes":0,"timestamp":1727175406,"farming":{"game_id":"53b22103-c7ff-413d-bc63-20f6fb806a07","round_id":"5786e852-049e-4ad2-a547-cd95b86b6dde","user_id":20934293,"start_at":1727175406,"end_at":1727186206,"last_claim":1727175406,"points":0},"daily":{"round_id":"07c4e0d4-428e-4a3c-a3ed-3ec8fa7d689a","user_id":20934293,"start_at":1726753318,"last_check_ts":1727111725,"last_check_ymd":20240924,"next_check_ts":1727193600,"check_counter":6,"today_points":10000,"today_game":6,"diff":1}}}
